running develop
Removing /home/glack/Documents/project/Tjb/install/rgbc/lib/python3.10/site-packages/rgbc.egg-link (link to .)
running egg_info
writing ../../build/rgbc/rgbc.egg-info/PKG-INFO
writing dependency_links to ../../build/rgbc/rgbc.egg-info/dependency_links.txt
writing entry points to ../../build/rgbc/rgbc.egg-info/entry_points.txt
writing requirements to ../../build/rgbc/rgbc.egg-info/requires.txt
writing top-level names to ../../build/rgbc/rgbc.egg-info/top_level.txt
reading manifest file '../../build/rgbc/rgbc.egg-info/SOURCES.txt'
writing manifest file '../../build/rgbc/rgbc.egg-info/SOURCES.txt'
running build
running build_py
creating /home/glack/Documents/project/Tjb/build/rgbc/build
creating /home/glack/Documents/project/Tjb/build/rgbc/build/lib
creating /home/glack/Documents/project/Tjb/build/rgbc/build/lib/rgbc
copying rgbc/__init__.py -> /home/glack/Documents/project/Tjb/build/rgbc/build/lib/rgbc
copying rgbc/rgbc_node.py -> /home/glack/Documents/project/Tjb/build/rgbc/build/lib/rgbc
running install
running install_lib
creating /home/glack/Documents/project/Tjb/install/rgbc/lib/python3.10/site-packages/rgbc
copying /home/glack/Documents/project/Tjb/build/rgbc/build/lib/rgbc/__init__.py -> /home/glack/Documents/project/Tjb/install/rgbc/lib/python3.10/site-packages/rgbc
copying /home/glack/Documents/project/Tjb/build/rgbc/build/lib/rgbc/rgbc_node.py -> /home/glack/Documents/project/Tjb/install/rgbc/lib/python3.10/site-packages/rgbc
byte-compiling /home/glack/Documents/project/Tjb/install/rgbc/lib/python3.10/site-packages/rgbc/__init__.py to __init__.cpython-310.pyc
byte-compiling /home/glack/Documents/project/Tjb/install/rgbc/lib/python3.10/site-packages/rgbc/rgbc_node.py to rgbc_node.cpython-310.pyc
running install_data
copying resource/rgbc -> /home/glack/Documents/project/Tjb/install/rgbc/share/ament_index/resource_index/packages
copying package.xml -> /home/glack/Documents/project/Tjb/install/rgbc/share/rgbc
copying launch/rgbc_node_launch.py -> /home/glack/Documents/project/Tjb/install/rgbc/share/rgbc/launch
running install_egg_info
Copying ../../build/rgbc/rgbc.egg-info to /home/glack/Documents/project/Tjb/install/rgbc/lib/python3.10/site-packages/rgbc-0.0.0-py3.10.egg-info
running install_scripts
Installing rgbc_node script to /home/glack/Documents/project/Tjb/install/rgbc/lib/rgbc
writing list of installed files to '/home/glack/Documents/project/Tjb/build/rgbc/install.log'
