running develop
Removing /home/glack/Documents/project/Tjb/install/position/lib/python3.10/site-packages/position.egg-link (link to .)
running egg_info
writing ../../build/position/position.egg-info/PKG-INFO
writing dependency_links to ../../build/position/position.egg-info/dependency_links.txt
writing entry points to ../../build/position/position.egg-info/entry_points.txt
writing requirements to ../../build/position/position.egg-info/requires.txt
writing top-level names to ../../build/position/position.egg-info/top_level.txt
reading manifest file '../../build/position/position.egg-info/SOURCES.txt'
writing manifest file '../../build/position/position.egg-info/SOURCES.txt'
running build
running build_py
creating /home/glack/Documents/project/Tjb/build/position/build
creating /home/glack/Documents/project/Tjb/build/position/build/lib
creating /home/glack/Documents/project/Tjb/build/position/build/lib/position
copying position/__init__.py -> /home/glack/Documents/project/Tjb/build/position/build/lib/position
copying position/position_node.py -> /home/glack/Documents/project/Tjb/build/position/build/lib/position
copying position/icp.py -> /home/glack/Documents/project/Tjb/build/position/build/lib/position
copying position/trans_to_point.py -> /home/glack/Documents/project/Tjb/build/position/build/lib/position
running install
running install_lib
creating /home/glack/Documents/project/Tjb/install/position/lib/python3.10/site-packages/position
copying /home/glack/Documents/project/Tjb/build/position/build/lib/position/__init__.py -> /home/glack/Documents/project/Tjb/install/position/lib/python3.10/site-packages/position
copying /home/glack/Documents/project/Tjb/build/position/build/lib/position/position_node.py -> /home/glack/Documents/project/Tjb/install/position/lib/python3.10/site-packages/position
copying /home/glack/Documents/project/Tjb/build/position/build/lib/position/icp.py -> /home/glack/Documents/project/Tjb/install/position/lib/python3.10/site-packages/position
copying /home/glack/Documents/project/Tjb/build/position/build/lib/position/trans_to_point.py -> /home/glack/Documents/project/Tjb/install/position/lib/python3.10/site-packages/position
byte-compiling /home/glack/Documents/project/Tjb/install/position/lib/python3.10/site-packages/position/__init__.py to __init__.cpython-310.pyc
byte-compiling /home/glack/Documents/project/Tjb/install/position/lib/python3.10/site-packages/position/position_node.py to position_node.cpython-310.pyc
byte-compiling /home/glack/Documents/project/Tjb/install/position/lib/python3.10/site-packages/position/icp.py to icp.cpython-310.pyc
byte-compiling /home/glack/Documents/project/Tjb/install/position/lib/python3.10/site-packages/position/trans_to_point.py to trans_to_point.cpython-310.pyc
running install_data
copying resource/position -> /home/glack/Documents/project/Tjb/install/position/share/ament_index/resource_index/packages
copying package.xml -> /home/glack/Documents/project/Tjb/install/position/share/position
copying launch/position_node_launch.py -> /home/glack/Documents/project/Tjb/install/position/share/position/launch
running install_egg_info
Copying ../../build/position/position.egg-info to /home/glack/Documents/project/Tjb/install/position/lib/python3.10/site-packages/position-0.0.0-py3.10.egg-info
running install_scripts
Installing position_node script to /home/glack/Documents/project/Tjb/install/position/lib/position
writing list of installed files to '/home/glack/Documents/project/Tjb/build/position/install.log'
