[0.490s] Invoking command in '/home/glack/Documents/project/Tjb/src/pyqtui': CONDA_PROMPT_MODIFIER=(isaac) PYTHONPATH=/home/glack/Documents/project/Tjb/build/pyqtui/prefix_override:/usr/lib/python3/dist-packages/colcon_core/task/python/colcon_distutils_commands:/home/glack/Documents/project/Tjb/install/pyqtui/lib/python3.10/site-packages:${PYTHONPATH} /usr/bin/python3 -W ignore:setup.py install is deprecated setup.py egg_info --egg-base ../../build/pyqtui build --build-base /home/glack/Documents/project/Tjb/build/pyqtui/build install --record /home/glack/Documents/project/Tjb/build/pyqtui/install.log --single-version-externally-managed install_data
[0.587s] running egg_info
[0.588s] writing ../../build/pyqtui/pyqtui.egg-info/PKG-INFO
[0.588s] writing dependency_links to ../../build/pyqtui/pyqtui.egg-info/dependency_links.txt
[0.588s] writing entry points to ../../build/pyqtui/pyqtui.egg-info/entry_points.txt
[0.588s] writing requirements to ../../build/pyqtui/pyqtui.egg-info/requires.txt
[0.588s] writing top-level names to ../../build/pyqtui/pyqtui.egg-info/top_level.txt
[0.589s] reading manifest file '../../build/pyqtui/pyqtui.egg-info/SOURCES.txt'
[0.589s] writing manifest file '../../build/pyqtui/pyqtui.egg-info/SOURCES.txt'
[0.589s] running build
[0.589s] running build_py
[0.589s] copying pyqtui/mainwindow_ui.py -> /home/glack/Documents/project/Tjb/build/pyqtui/build/lib/pyqtui
[0.589s] running install
[0.590s] running install_lib
[0.590s] copying /home/glack/Documents/project/Tjb/build/pyqtui/build/lib/pyqtui/mainwindow_ui.py -> /home/glack/Documents/project/Tjb/install/pyqtui/lib/python3.10/site-packages/pyqtui
[0.590s] byte-compiling /home/glack/Documents/project/Tjb/install/pyqtui/lib/python3.10/site-packages/pyqtui/mainwindow_ui.py to mainwindow_ui.cpython-310.pyc
[0.590s] running install_data
[0.591s] running install_egg_info
[0.591s] removing '/home/glack/Documents/project/Tjb/install/pyqtui/lib/python3.10/site-packages/pyqtui-0.0.0-py3.10.egg-info' (and everything under it)
[0.593s] Copying ../../build/pyqtui/pyqtui.egg-info to /home/glack/Documents/project/Tjb/install/pyqtui/lib/python3.10/site-packages/pyqtui-0.0.0-py3.10.egg-info
[0.593s] running install_scripts
[0.602s] Installing pyqtui_node script to /home/glack/Documents/project/Tjb/install/pyqtui/lib/pyqtui
[0.602s] writing list of installed files to '/home/glack/Documents/project/Tjb/build/pyqtui/install.log'
[0.614s] Invoked command in '/home/glack/Documents/project/Tjb/src/pyqtui' returned '0': CONDA_PROMPT_MODIFIER=(isaac) PYTHONPATH=/home/glack/Documents/project/Tjb/build/pyqtui/prefix_override:/usr/lib/python3/dist-packages/colcon_core/task/python/colcon_distutils_commands:/home/glack/Documents/project/Tjb/install/pyqtui/lib/python3.10/site-packages:${PYTHONPATH} /usr/bin/python3 -W ignore:setup.py install is deprecated setup.py egg_info --egg-base ../../build/pyqtui build --build-base /home/glack/Documents/project/Tjb/build/pyqtui/build install --record /home/glack/Documents/project/Tjb/build/pyqtui/install.log --single-version-externally-managed install_data
