[0.328s] Invoking command in '/home/glack/Documents/project/Tjb/build/tof': CMAKE_PREFIX_PATH=${CMAKE_PREFIX_PATH}:/home/glack/Documents/project/Tjb/install/rgbc:/home/glack/Documents/project/Tjb/install/pyqtui:/home/glack/Documents/project/Tjb/install/position:/opt/ros/humble CONDA_PROMPT_MODIFIER=(isaac) /usr/bin/cmake --build /home/glack/Documents/project/Tjb/build/tof -- -j20 -l20
[0.347s] [35m[1mConsolidate compiler generated dependencies of target publisher[0m
[0.358s] [100%] Built target publisher
[0.363s] Invoked command in '/home/glack/Documents/project/Tjb/build/tof' returned '0': CMAKE_PREFIX_PATH=${CMAKE_PREFIX_PATH}:/home/glack/Documents/project/Tjb/install/rgbc:/home/glack/Documents/project/Tjb/install/pyqtui:/home/glack/Documents/project/Tjb/install/position:/opt/ros/humble CONDA_PROMPT_MODIFIER=(isaac) /usr/bin/cmake --build /home/glack/Documents/project/Tjb/build/tof -- -j20 -l20
[0.380s] Invoking command in '/home/glack/Documents/project/Tjb/build/tof': CMAKE_PREFIX_PATH=${CMAKE_PREFIX_PATH}:/home/glack/Documents/project/Tjb/install/rgbc:/home/glack/Documents/project/Tjb/install/pyqtui:/home/glack/Documents/project/Tjb/install/position:/opt/ros/humble CONDA_PROMPT_MODIFIER=(isaac) /usr/bin/cmake --install /home/glack/Documents/project/Tjb/build/tof
[0.383s] -- Install configuration: ""
[0.383s] -- Execute custom install script
[0.384s] -- Up-to-date symlink: /home/glack/Documents/project/Tjb/install/tof/lib/tof/publisher
[0.384s] -- Symlinking: /home/glack/Documents/project/Tjb/install/tof/share/tof/launch/__pycache__/tof_node_launch.cpython-310.pyc
[0.388s] -- Up-to-date symlink: /home/glack/Documents/project/Tjb/install/tof/share/tof/launch/tof_node_launch.py
[0.388s] -- Up-to-date symlink: /home/glack/Documents/project/Tjb/install/tof/share/ament_index/resource_index/package_run_dependencies/tof
[0.388s] -- Up-to-date symlink: /home/glack/Documents/project/Tjb/install/tof/share/ament_index/resource_index/parent_prefix_path/tof
[0.388s] -- Up-to-date symlink: /home/glack/Documents/project/Tjb/install/tof/share/tof/environment/ament_prefix_path.sh
[0.388s] -- Up-to-date symlink: /home/glack/Documents/project/Tjb/install/tof/share/tof/environment/ament_prefix_path.dsv
[0.388s] -- Up-to-date symlink: /home/glack/Documents/project/Tjb/install/tof/share/tof/environment/path.sh
[0.388s] -- Up-to-date symlink: /home/glack/Documents/project/Tjb/install/tof/share/tof/environment/path.dsv
[0.388s] -- Up-to-date symlink: /home/glack/Documents/project/Tjb/install/tof/share/tof/local_setup.bash
[0.388s] -- Up-to-date symlink: /home/glack/Documents/project/Tjb/install/tof/share/tof/local_setup.sh
[0.388s] -- Up-to-date symlink: /home/glack/Documents/project/Tjb/install/tof/share/tof/local_setup.zsh
[0.388s] -- Up-to-date symlink: /home/glack/Documents/project/Tjb/install/tof/share/tof/local_setup.dsv
[0.388s] -- Symlinking: /home/glack/Documents/project/Tjb/install/tof/share/tof/package.dsv
[0.392s] -- Up-to-date symlink: /home/glack/Documents/project/Tjb/install/tof/share/ament_index/resource_index/packages/tof
[0.392s] -- Up-to-date symlink: /home/glack/Documents/project/Tjb/install/tof/share/tof/cmake/tofConfig.cmake
[0.392s] -- Up-to-date symlink: /home/glack/Documents/project/Tjb/install/tof/share/tof/cmake/tofConfig-version.cmake
[0.392s] -- Up-to-date symlink: /home/glack/Documents/project/Tjb/install/tof/share/tof/package.xml
[0.393s] Invoked command in '/home/glack/Documents/project/Tjb/build/tof' returned '0': CMAKE_PREFIX_PATH=${CMAKE_PREFIX_PATH}:/home/glack/Documents/project/Tjb/install/rgbc:/home/glack/Documents/project/Tjb/install/pyqtui:/home/glack/Documents/project/Tjb/install/position:/opt/ros/humble CONDA_PROMPT_MODIFIER=(isaac) /usr/bin/cmake --install /home/glack/Documents/project/Tjb/build/tof
