/home/glack/Documents/project/Tjb/install/pyqtui/lib/python3.10/site-packages/pyqtui/test.py
/home/glack/Documents/project/Tjb/install/pyqtui/lib/python3.10/site-packages/pyqtui/__init__.py
/home/glack/Documents/project/Tjb/install/pyqtui/lib/python3.10/site-packages/pyqtui/mainwindow_ui.py
/home/glack/Documents/project/Tjb/install/pyqtui/lib/python3.10/site-packages/pyqtui/pyqtui_node.py
/home/glack/Documents/project/Tjb/install/pyqtui/lib/python3.10/site-packages/pyqtui/qt_main.py
/home/glack/Documents/project/Tjb/install/pyqtui/lib/python3.10/site-packages/pyqtui/__pycache__/test.cpython-310.pyc
/home/glack/Documents/project/Tjb/install/pyqtui/lib/python3.10/site-packages/pyqtui/__pycache__/__init__.cpython-310.pyc
/home/glack/Documents/project/Tjb/install/pyqtui/lib/python3.10/site-packages/pyqtui/__pycache__/mainwindow_ui.cpython-310.pyc
/home/glack/Documents/project/Tjb/install/pyqtui/lib/python3.10/site-packages/pyqtui/__pycache__/pyqtui_node.cpython-310.pyc
/home/glack/Documents/project/Tjb/install/pyqtui/lib/python3.10/site-packages/pyqtui/__pycache__/qt_main.cpython-310.pyc
/home/glack/Documents/project/Tjb/install/pyqtui/share/ament_index/resource_index/packages/pyqtui
/home/glack/Documents/project/Tjb/install/pyqtui/share/pyqtui/package.xml
/home/glack/Documents/project/Tjb/install/pyqtui/share/pyqtui/launch/pyqtui_node_launch.py
/home/glack/Documents/project/Tjb/install/pyqtui/lib/python3.10/site-packages/pyqtui-0.0.0-py3.10.egg-info/entry_points.txt
/home/glack/Documents/project/Tjb/install/pyqtui/lib/python3.10/site-packages/pyqtui-0.0.0-py3.10.egg-info/requires.txt
/home/glack/Documents/project/Tjb/install/pyqtui/lib/python3.10/site-packages/pyqtui-0.0.0-py3.10.egg-info/top_level.txt
/home/glack/Documents/project/Tjb/install/pyqtui/lib/python3.10/site-packages/pyqtui-0.0.0-py3.10.egg-info/zip-safe
/home/glack/Documents/project/Tjb/install/pyqtui/lib/python3.10/site-packages/pyqtui-0.0.0-py3.10.egg-info/dependency_links.txt
/home/glack/Documents/project/Tjb/install/pyqtui/lib/python3.10/site-packages/pyqtui-0.0.0-py3.10.egg-info/PKG-INFO
/home/glack/Documents/project/Tjb/install/pyqtui/lib/python3.10/site-packages/pyqtui-0.0.0-py3.10.egg-info/SOURCES.txt
/home/glack/Documents/project/Tjb/install/pyqtui/lib/pyqtui/pyqtui_node
