[0.506s] Invoking command in '/home/glack/Documents/project/Tjb/src/rgbc': CONDA_PROMPT_MODIFIER=(isaac) PYTHONPATH=/home/glack/Documents/project/Tjb/build/rgbc/prefix_override:/usr/lib/python3/dist-packages/colcon_core/task/python/colcon_distutils_commands:/home/glack/Documents/project/Tjb/install/rgbc/lib/python3.10/site-packages:${PYTHONPATH} /usr/bin/python3 -W ignore:setup.py install is deprecated setup.py egg_info --egg-base ../../build/rgbc build --build-base /home/glack/Documents/project/Tjb/build/rgbc/build install --record /home/glack/Documents/project/Tjb/build/rgbc/install.log --single-version-externally-managed install_data
[0.614s] running egg_info
[0.615s] writing ../../build/rgbc/rgbc.egg-info/PKG-INFO
[0.615s] writing dependency_links to ../../build/rgbc/rgbc.egg-info/dependency_links.txt
[0.615s] writing entry points to ../../build/rgbc/rgbc.egg-info/entry_points.txt
[0.615s] writing requirements to ../../build/rgbc/rgbc.egg-info/requires.txt
[0.615s] writing top-level names to ../../build/rgbc/rgbc.egg-info/top_level.txt
[0.616s] reading manifest file '../../build/rgbc/rgbc.egg-info/SOURCES.txt'
[0.616s] writing manifest file '../../build/rgbc/rgbc.egg-info/SOURCES.txt'
[0.616s] running build
[0.616s] running build_py
[0.616s] running install
[0.616s] running install_lib
[0.617s] running install_data
[0.617s] running install_egg_info
[0.618s] removing '/home/glack/Documents/project/Tjb/install/rgbc/lib/python3.10/site-packages/rgbc-0.0.0-py3.10.egg-info' (and everything under it)
[0.618s] Copying ../../build/rgbc/rgbc.egg-info to /home/glack/Documents/project/Tjb/install/rgbc/lib/python3.10/site-packages/rgbc-0.0.0-py3.10.egg-info
[0.618s] running install_scripts
[0.629s] Installing rgbc_node script to /home/glack/Documents/project/Tjb/install/rgbc/lib/rgbc
[0.629s] writing list of installed files to '/home/glack/Documents/project/Tjb/build/rgbc/install.log'
[0.640s] Invoked command in '/home/glack/Documents/project/Tjb/src/rgbc' returned '0': CONDA_PROMPT_MODIFIER=(isaac) PYTHONPATH=/home/glack/Documents/project/Tjb/build/rgbc/prefix_override:/usr/lib/python3/dist-packages/colcon_core/task/python/colcon_distutils_commands:/home/glack/Documents/project/Tjb/install/rgbc/lib/python3.10/site-packages:${PYTHONPATH} /usr/bin/python3 -W ignore:setup.py install is deprecated setup.py egg_info --egg-base ../../build/rgbc build --build-base /home/glack/Documents/project/Tjb/build/rgbc/build install --record /home/glack/Documents/project/Tjb/build/rgbc/install.log --single-version-externally-managed install_data
