[0.047s] DEBUG:colcon:Command line arguments: ['/usr/bin/colcon', 'build']
[0.047s] DEBUG:colcon:Parsed command line arguments: Namespace(log_base=None, log_level=None, verb_name='build', build_base='build', install_base='install', merge_install=False, symlink_install=False, test_result_base=None, continue_on_error=False, executor='parallel', parallel_workers=20, event_handlers=None, ignore_user_meta=False, metas=['./colcon.meta'], base_paths=['.'], packages_ignore=None, packages_ignore_regex=None, paths=None, packages_up_to=None, packages_up_to_regex=None, packages_above=None, packages_above_and_dependencies=None, packages_above_depth=None, packages_select_by_dep=None, packages_skip_by_dep=None, packages_skip_up_to=None, packages_select_build_failed=False, packages_skip_build_finished=False, packages_select_test_failures=False, packages_skip_test_passed=False, packages_select=None, packages_skip=None, packages_select_regex=None, packages_skip_regex=None, packages_start=None, packages_end=None, allow_overriding=[], cmake_args=None, cmake_target=None, cmake_target_skip_unavailable=False, cmake_clean_cache=False, cmake_clean_first=False, cmake_force_configure=False, ament_cmake_args=None, catkin_cmake_args=None, catkin_skip_building_tests=False, verb_parser=<colcon_defaults.argument_parser.defaults.DefaultArgumentsDecorator object at 0x7bda297efe80>, verb_extension=<colcon_core.verb.build.BuildVerb object at 0x7bda29730b50>, main=<bound method BuildVerb.main of <colcon_core.verb.build.BuildVerb object at 0x7bda29730b50>>)
[0.113s] Level 1:colcon.colcon_core.package_discovery:discover_packages(colcon_meta) check parameters
[0.113s] Level 1:colcon.colcon_core.package_discovery:discover_packages(recursive) check parameters
[0.113s] Level 1:colcon.colcon_core.package_discovery:discover_packages(ignore) check parameters
[0.113s] Level 1:colcon.colcon_core.package_discovery:discover_packages(path) check parameters
[0.114s] Level 1:colcon.colcon_core.package_discovery:discover_packages(colcon_meta) discover
[0.114s] Level 1:colcon.colcon_core.package_discovery:discover_packages(recursive) discover
[0.114s] INFO:colcon.colcon_core.package_discovery:Crawling recursively for packages in '/home/glack/Documents/project/Tjb'
[0.114s] Level 1:colcon.colcon_core.package_identification:_identify(.) by extensions ['ignore', 'ignore_ament_install']
[0.114s] Level 1:colcon.colcon_core.package_identification:_identify(.) by extension 'ignore'
[0.114s] Level 1:colcon.colcon_core.package_identification:_identify(.) by extension 'ignore_ament_install'
[0.114s] Level 1:colcon.colcon_core.package_identification:_identify(.) by extensions ['colcon_pkg']
[0.114s] Level 1:colcon.colcon_core.package_identification:_identify(.) by extension 'colcon_pkg'
[0.114s] Level 1:colcon.colcon_core.package_identification:_identify(.) by extensions ['colcon_meta']
[0.114s] Level 1:colcon.colcon_core.package_identification:_identify(.) by extension 'colcon_meta'
[0.114s] Level 1:colcon.colcon_core.package_identification:_identify(.) by extensions ['ros']
[0.114s] Level 1:colcon.colcon_core.package_identification:_identify(.) by extension 'ros'
[0.119s] Level 1:colcon.colcon_core.package_identification:_identify(.) by extensions ['cmake', 'python']
[0.119s] Level 1:colcon.colcon_core.package_identification:_identify(.) by extension 'cmake'
[0.119s] Level 1:colcon.colcon_core.package_identification:_identify(.) by extension 'python'
[0.119s] Level 1:colcon.colcon_core.package_identification:_identify(.) by extensions ['python_setup_py']
[0.119s] Level 1:colcon.colcon_core.package_identification:_identify(.) by extension 'python_setup_py'
[0.119s] Level 1:colcon.colcon_core.package_identification:_identify(build) by extensions ['ignore', 'ignore_ament_install']
[0.119s] Level 1:colcon.colcon_core.package_identification:_identify(build) by extension 'ignore'
[0.119s] Level 1:colcon.colcon_core.package_identification:_identify(build) ignored
[0.119s] Level 1:colcon.colcon_core.package_identification:_identify(install) by extensions ['ignore', 'ignore_ament_install']
[0.119s] Level 1:colcon.colcon_core.package_identification:_identify(install) by extension 'ignore'
[0.119s] Level 1:colcon.colcon_core.package_identification:_identify(install) ignored
[0.119s] Level 1:colcon.colcon_core.package_identification:_identify(launch) by extensions ['ignore', 'ignore_ament_install']
[0.119s] Level 1:colcon.colcon_core.package_identification:_identify(launch) by extension 'ignore'
[0.119s] Level 1:colcon.colcon_core.package_identification:_identify(launch) by extension 'ignore_ament_install'
[0.120s] Level 1:colcon.colcon_core.package_identification:_identify(launch) by extensions ['colcon_pkg']
[0.120s] Level 1:colcon.colcon_core.package_identification:_identify(launch) by extension 'colcon_pkg'
[0.120s] Level 1:colcon.colcon_core.package_identification:_identify(launch) by extensions ['colcon_meta']
[0.120s] Level 1:colcon.colcon_core.package_identification:_identify(launch) by extension 'colcon_meta'
[0.120s] Level 1:colcon.colcon_core.package_identification:_identify(launch) by extensions ['ros']
[0.120s] Level 1:colcon.colcon_core.package_identification:_identify(launch) by extension 'ros'
[0.120s] Level 1:colcon.colcon_core.package_identification:_identify(launch) by extensions ['cmake', 'python']
[0.120s] Level 1:colcon.colcon_core.package_identification:_identify(launch) by extension 'cmake'
[0.120s] Level 1:colcon.colcon_core.package_identification:_identify(launch) by extension 'python'
[0.120s] Level 1:colcon.colcon_core.package_identification:_identify(launch) by extensions ['python_setup_py']
[0.120s] Level 1:colcon.colcon_core.package_identification:_identify(launch) by extension 'python_setup_py'
[0.120s] Level 1:colcon.colcon_core.package_identification:_identify(launch/__pycache__) by extensions ['ignore', 'ignore_ament_install']
[0.120s] Level 1:colcon.colcon_core.package_identification:_identify(launch/__pycache__) by extension 'ignore'
[0.120s] Level 1:colcon.colcon_core.package_identification:_identify(launch/__pycache__) by extension 'ignore_ament_install'
[0.120s] Level 1:colcon.colcon_core.package_identification:_identify(launch/__pycache__) by extensions ['colcon_pkg']
[0.120s] Level 1:colcon.colcon_core.package_identification:_identify(launch/__pycache__) by extension 'colcon_pkg'
[0.120s] Level 1:colcon.colcon_core.package_identification:_identify(launch/__pycache__) by extensions ['colcon_meta']
[0.120s] Level 1:colcon.colcon_core.package_identification:_identify(launch/__pycache__) by extension 'colcon_meta'
[0.120s] Level 1:colcon.colcon_core.package_identification:_identify(launch/__pycache__) by extensions ['ros']
[0.120s] Level 1:colcon.colcon_core.package_identification:_identify(launch/__pycache__) by extension 'ros'
[0.120s] Level 1:colcon.colcon_core.package_identification:_identify(launch/__pycache__) by extensions ['cmake', 'python']
[0.120s] Level 1:colcon.colcon_core.package_identification:_identify(launch/__pycache__) by extension 'cmake'
[0.120s] Level 1:colcon.colcon_core.package_identification:_identify(launch/__pycache__) by extension 'python'
[0.120s] Level 1:colcon.colcon_core.package_identification:_identify(launch/__pycache__) by extensions ['python_setup_py']
[0.120s] Level 1:colcon.colcon_core.package_identification:_identify(launch/__pycache__) by extension 'python_setup_py'
[0.120s] Level 1:colcon.colcon_core.package_identification:_identify(log) by extensions ['ignore', 'ignore_ament_install']
[0.120s] Level 1:colcon.colcon_core.package_identification:_identify(log) by extension 'ignore'
[0.120s] Level 1:colcon.colcon_core.package_identification:_identify(log) ignored
[0.120s] Level 1:colcon.colcon_core.package_identification:_identify(qtui) by extensions ['ignore', 'ignore_ament_install']
[0.120s] Level 1:colcon.colcon_core.package_identification:_identify(qtui) by extension 'ignore'
[0.120s] Level 1:colcon.colcon_core.package_identification:_identify(qtui) by extension 'ignore_ament_install'
[0.120s] Level 1:colcon.colcon_core.package_identification:_identify(qtui) by extensions ['colcon_pkg']
[0.120s] Level 1:colcon.colcon_core.package_identification:_identify(qtui) by extension 'colcon_pkg'
[0.120s] Level 1:colcon.colcon_core.package_identification:_identify(qtui) by extensions ['colcon_meta']
[0.120s] Level 1:colcon.colcon_core.package_identification:_identify(qtui) by extension 'colcon_meta'
[0.120s] Level 1:colcon.colcon_core.package_identification:_identify(qtui) by extensions ['ros']
[0.120s] Level 1:colcon.colcon_core.package_identification:_identify(qtui) by extension 'ros'
[0.120s] Level 1:colcon.colcon_core.package_identification:_identify(qtui) by extensions ['cmake', 'python']
[0.120s] Level 1:colcon.colcon_core.package_identification:_identify(qtui) by extension 'cmake'
[0.120s] Level 1:colcon.colcon_core.package_identification:_identify(qtui) by extension 'python'
[0.120s] Level 1:colcon.colcon_core.package_identification:_identify(qtui) by extensions ['python_setup_py']
[0.120s] Level 1:colcon.colcon_core.package_identification:_identify(qtui) by extension 'python_setup_py'
[0.120s] Level 1:colcon.colcon_core.package_identification:_identify(src) by extensions ['ignore', 'ignore_ament_install']
[0.120s] Level 1:colcon.colcon_core.package_identification:_identify(src) by extension 'ignore'
[0.120s] Level 1:colcon.colcon_core.package_identification:_identify(src) by extension 'ignore_ament_install'
[0.120s] Level 1:colcon.colcon_core.package_identification:_identify(src) by extensions ['colcon_pkg']
[0.120s] Level 1:colcon.colcon_core.package_identification:_identify(src) by extension 'colcon_pkg'
[0.120s] Level 1:colcon.colcon_core.package_identification:_identify(src) by extensions ['colcon_meta']
[0.120s] Level 1:colcon.colcon_core.package_identification:_identify(src) by extension 'colcon_meta'
[0.120s] Level 1:colcon.colcon_core.package_identification:_identify(src) by extensions ['ros']
[0.120s] Level 1:colcon.colcon_core.package_identification:_identify(src) by extension 'ros'
[0.120s] Level 1:colcon.colcon_core.package_identification:_identify(src) by extensions ['cmake', 'python']
[0.121s] Level 1:colcon.colcon_core.package_identification:_identify(src) by extension 'cmake'
[0.121s] Level 1:colcon.colcon_core.package_identification:_identify(src) by extension 'python'
[0.121s] Level 1:colcon.colcon_core.package_identification:_identify(src) by extensions ['python_setup_py']
[0.121s] Level 1:colcon.colcon_core.package_identification:_identify(src) by extension 'python_setup_py'
[0.121s] Level 1:colcon.colcon_core.package_identification:_identify(src/position) by extensions ['ignore', 'ignore_ament_install']
[0.121s] Level 1:colcon.colcon_core.package_identification:_identify(src/position) by extension 'ignore'
[0.121s] Level 1:colcon.colcon_core.package_identification:_identify(src/position) by extension 'ignore_ament_install'
[0.121s] Level 1:colcon.colcon_core.package_identification:_identify(src/position) by extensions ['colcon_pkg']
[0.121s] Level 1:colcon.colcon_core.package_identification:_identify(src/position) by extension 'colcon_pkg'
[0.121s] Level 1:colcon.colcon_core.package_identification:_identify(src/position) by extensions ['colcon_meta']
[0.121s] Level 1:colcon.colcon_core.package_identification:_identify(src/position) by extension 'colcon_meta'
[0.121s] Level 1:colcon.colcon_core.package_identification:_identify(src/position) by extensions ['ros']
[0.121s] Level 1:colcon.colcon_core.package_identification:_identify(src/position) by extension 'ros'
[0.122s] DEBUG:colcon.colcon_core.package_identification:Package 'src/position' with type 'ros.ament_python' and name 'position'
[0.122s] Level 1:colcon.colcon_core.package_identification:_identify(src/pyqtui) by extensions ['ignore', 'ignore_ament_install']
[0.122s] Level 1:colcon.colcon_core.package_identification:_identify(src/pyqtui) by extension 'ignore'
[0.122s] Level 1:colcon.colcon_core.package_identification:_identify(src/pyqtui) by extension 'ignore_ament_install'
[0.122s] Level 1:colcon.colcon_core.package_identification:_identify(src/pyqtui) by extensions ['colcon_pkg']
[0.122s] Level 1:colcon.colcon_core.package_identification:_identify(src/pyqtui) by extension 'colcon_pkg'
[0.122s] Level 1:colcon.colcon_core.package_identification:_identify(src/pyqtui) by extensions ['colcon_meta']
[0.122s] Level 1:colcon.colcon_core.package_identification:_identify(src/pyqtui) by extension 'colcon_meta'
[0.122s] Level 1:colcon.colcon_core.package_identification:_identify(src/pyqtui) by extensions ['ros']
[0.122s] Level 1:colcon.colcon_core.package_identification:_identify(src/pyqtui) by extension 'ros'
[0.122s] DEBUG:colcon.colcon_core.package_identification:Package 'src/pyqtui' with type 'ros.ament_python' and name 'pyqtui'
[0.123s] Level 1:colcon.colcon_core.package_identification:_identify(src/rgbc) by extensions ['ignore', 'ignore_ament_install']
[0.123s] Level 1:colcon.colcon_core.package_identification:_identify(src/rgbc) by extension 'ignore'
[0.123s] Level 1:colcon.colcon_core.package_identification:_identify(src/rgbc) by extension 'ignore_ament_install'
[0.123s] Level 1:colcon.colcon_core.package_identification:_identify(src/rgbc) by extensions ['colcon_pkg']
[0.123s] Level 1:colcon.colcon_core.package_identification:_identify(src/rgbc) by extension 'colcon_pkg'
[0.123s] Level 1:colcon.colcon_core.package_identification:_identify(src/rgbc) by extensions ['colcon_meta']
[0.123s] Level 1:colcon.colcon_core.package_identification:_identify(src/rgbc) by extension 'colcon_meta'
[0.123s] Level 1:colcon.colcon_core.package_identification:_identify(src/rgbc) by extensions ['ros']
[0.123s] Level 1:colcon.colcon_core.package_identification:_identify(src/rgbc) by extension 'ros'
[0.123s] DEBUG:colcon.colcon_core.package_identification:Package 'src/rgbc' with type 'ros.ament_python' and name 'rgbc'
[0.123s] Level 1:colcon.colcon_core.package_identification:_identify(src/tof) by extensions ['ignore', 'ignore_ament_install']
[0.123s] Level 1:colcon.colcon_core.package_identification:_identify(src/tof) by extension 'ignore'
[0.123s] Level 1:colcon.colcon_core.package_identification:_identify(src/tof) by extension 'ignore_ament_install'
[0.123s] Level 1:colcon.colcon_core.package_identification:_identify(src/tof) by extensions ['colcon_pkg']
[0.123s] Level 1:colcon.colcon_core.package_identification:_identify(src/tof) by extension 'colcon_pkg'
[0.123s] Level 1:colcon.colcon_core.package_identification:_identify(src/tof) by extensions ['colcon_meta']
[0.123s] Level 1:colcon.colcon_core.package_identification:_identify(src/tof) by extension 'colcon_meta'
[0.123s] Level 1:colcon.colcon_core.package_identification:_identify(src/tof) by extensions ['ros']
[0.123s] Level 1:colcon.colcon_core.package_identification:_identify(src/tof) by extension 'ros'
[0.123s] DEBUG:colcon.colcon_core.package_identification:Package 'src/tof' with type 'ros.ament_cmake' and name 'tof'
[0.123s] Level 1:colcon.colcon_core.package_identification:_identify(团中央第十九届挑战杯——2024 年度“揭榜挂帅”专项赛文档) by extensions ['ignore', 'ignore_ament_install']
[0.123s] Level 1:colcon.colcon_core.package_identification:_identify(团中央第十九届挑战杯——2024 年度“揭榜挂帅”专项赛文档) by extension 'ignore'
[0.123s] Level 1:colcon.colcon_core.package_identification:_identify(团中央第十九届挑战杯——2024 年度“揭榜挂帅”专项赛文档) by extension 'ignore_ament_install'
[0.124s] Level 1:colcon.colcon_core.package_identification:_identify(团中央第十九届挑战杯——2024 年度“揭榜挂帅”专项赛文档) by extensions ['colcon_pkg']
[0.124s] Level 1:colcon.colcon_core.package_identification:_identify(团中央第十九届挑战杯——2024 年度“揭榜挂帅”专项赛文档) by extension 'colcon_pkg'
[0.124s] Level 1:colcon.colcon_core.package_identification:_identify(团中央第十九届挑战杯——2024 年度“揭榜挂帅”专项赛文档) by extensions ['colcon_meta']
[0.124s] Level 1:colcon.colcon_core.package_identification:_identify(团中央第十九届挑战杯——2024 年度“揭榜挂帅”专项赛文档) by extension 'colcon_meta'
[0.124s] Level 1:colcon.colcon_core.package_identification:_identify(团中央第十九届挑战杯——2024 年度“揭榜挂帅”专项赛文档) by extensions ['ros']
[0.124s] Level 1:colcon.colcon_core.package_identification:_identify(团中央第十九届挑战杯——2024 年度“揭榜挂帅”专项赛文档) by extension 'ros'
[0.124s] Level 1:colcon.colcon_core.package_identification:_identify(团中央第十九届挑战杯——2024 年度“揭榜挂帅”专项赛文档) by extensions ['cmake', 'python']
[0.124s] Level 1:colcon.colcon_core.package_identification:_identify(团中央第十九届挑战杯——2024 年度“揭榜挂帅”专项赛文档) by extension 'cmake'
[0.124s] Level 1:colcon.colcon_core.package_identification:_identify(团中央第十九届挑战杯——2024 年度“揭榜挂帅”专项赛文档) by extension 'python'
[0.124s] Level 1:colcon.colcon_core.package_identification:_identify(团中央第十九届挑战杯——2024 年度“揭榜挂帅”专项赛文档) by extensions ['python_setup_py']
[0.124s] Level 1:colcon.colcon_core.package_identification:_identify(团中央第十九届挑战杯——2024 年度“揭榜挂帅”专项赛文档) by extension 'python_setup_py'
[0.124s] Level 1:colcon.colcon_core.package_identification:_identify(团中央第十九届挑战杯——2024 年度“揭榜挂帅”专项赛文档/sipeed_tof_ms_a010_ros) by extensions ['ignore', 'ignore_ament_install']
[0.124s] Level 1:colcon.colcon_core.package_identification:_identify(团中央第十九届挑战杯——2024 年度“揭榜挂帅”专项赛文档/sipeed_tof_ms_a010_ros) by extension 'ignore'
[0.124s] Level 1:colcon.colcon_core.package_identification:_identify(团中央第十九届挑战杯——2024 年度“揭榜挂帅”专项赛文档/sipeed_tof_ms_a010_ros) by extension 'ignore_ament_install'
[0.124s] Level 1:colcon.colcon_core.package_identification:_identify(团中央第十九届挑战杯——2024 年度“揭榜挂帅”专项赛文档/sipeed_tof_ms_a010_ros) by extensions ['colcon_pkg']
[0.124s] Level 1:colcon.colcon_core.package_identification:_identify(团中央第十九届挑战杯——2024 年度“揭榜挂帅”专项赛文档/sipeed_tof_ms_a010_ros) by extension 'colcon_pkg'
[0.124s] Level 1:colcon.colcon_core.package_identification:_identify(团中央第十九届挑战杯——2024 年度“揭榜挂帅”专项赛文档/sipeed_tof_ms_a010_ros) by extensions ['colcon_meta']
[0.124s] Level 1:colcon.colcon_core.package_identification:_identify(团中央第十九届挑战杯——2024 年度“揭榜挂帅”专项赛文档/sipeed_tof_ms_a010_ros) by extension 'colcon_meta'
[0.124s] Level 1:colcon.colcon_core.package_identification:_identify(团中央第十九届挑战杯——2024 年度“揭榜挂帅”专项赛文档/sipeed_tof_ms_a010_ros) by extensions ['ros']
[0.124s] Level 1:colcon.colcon_core.package_identification:_identify(团中央第十九届挑战杯——2024 年度“揭榜挂帅”专项赛文档/sipeed_tof_ms_a010_ros) by extension 'ros'
[0.124s] Level 1:colcon.colcon_core.package_identification:_identify(团中央第十九届挑战杯——2024 年度“揭榜挂帅”专项赛文档/sipeed_tof_ms_a010_ros) by extensions ['cmake', 'python']
[0.124s] Level 1:colcon.colcon_core.package_identification:_identify(团中央第十九届挑战杯——2024 年度“揭榜挂帅”专项赛文档/sipeed_tof_ms_a010_ros) by extension 'cmake'
[0.124s] Level 1:colcon.colcon_core.package_identification:_identify(团中央第十九届挑战杯——2024 年度“揭榜挂帅”专项赛文档/sipeed_tof_ms_a010_ros) by extension 'python'
[0.124s] Level 1:colcon.colcon_core.package_identification:_identify(团中央第十九届挑战杯——2024 年度“揭榜挂帅”专项赛文档/sipeed_tof_ms_a010_ros) by extensions ['python_setup_py']
[0.124s] Level 1:colcon.colcon_core.package_identification:_identify(团中央第十九届挑战杯——2024 年度“揭榜挂帅”专项赛文档/sipeed_tof_ms_a010_ros) by extension 'python_setup_py'
[0.124s] Level 1:colcon.colcon_core.package_identification:_identify(团中央第十九届挑战杯——2024 年度“揭榜挂帅”专项赛文档/sipeed_tof_ms_a010_ros/ros1) by extensions ['ignore', 'ignore_ament_install']
[0.124s] Level 1:colcon.colcon_core.package_identification:_identify(团中央第十九届挑战杯——2024 年度“揭榜挂帅”专项赛文档/sipeed_tof_ms_a010_ros/ros1) by extension 'ignore'
[0.124s] Level 1:colcon.colcon_core.package_identification:_identify(团中央第十九届挑战杯——2024 年度“揭榜挂帅”专项赛文档/sipeed_tof_ms_a010_ros/ros1) by extension 'ignore_ament_install'
[0.124s] Level 1:colcon.colcon_core.package_identification:_identify(团中央第十九届挑战杯——2024 年度“揭榜挂帅”专项赛文档/sipeed_tof_ms_a010_ros/ros1) by extensions ['colcon_pkg']
[0.124s] Level 1:colcon.colcon_core.package_identification:_identify(团中央第十九届挑战杯——2024 年度“揭榜挂帅”专项赛文档/sipeed_tof_ms_a010_ros/ros1) by extension 'colcon_pkg'
[0.124s] Level 1:colcon.colcon_core.package_identification:_identify(团中央第十九届挑战杯——2024 年度“揭榜挂帅”专项赛文档/sipeed_tof_ms_a010_ros/ros1) by extensions ['colcon_meta']
[0.124s] Level 1:colcon.colcon_core.package_identification:_identify(团中央第十九届挑战杯——2024 年度“揭榜挂帅”专项赛文档/sipeed_tof_ms_a010_ros/ros1) by extension 'colcon_meta'
[0.124s] Level 1:colcon.colcon_core.package_identification:_identify(团中央第十九届挑战杯——2024 年度“揭榜挂帅”专项赛文档/sipeed_tof_ms_a010_ros/ros1) by extensions ['ros']
[0.124s] Level 1:colcon.colcon_core.package_identification:_identify(团中央第十九届挑战杯——2024 年度“揭榜挂帅”专项赛文档/sipeed_tof_ms_a010_ros/ros1) by extension 'ros'
[0.124s] Level 1:colcon.colcon_core.package_identification:_identify(团中央第十九届挑战杯——2024 年度“揭榜挂帅”专项赛文档/sipeed_tof_ms_a010_ros/ros1) by extensions ['cmake', 'python']
[0.124s] Level 1:colcon.colcon_core.package_identification:_identify(团中央第十九届挑战杯——2024 年度“揭榜挂帅”专项赛文档/sipeed_tof_ms_a010_ros/ros1) by extension 'cmake'
[0.124s] Level 1:colcon.colcon_core.package_identification:_identify(团中央第十九届挑战杯——2024 年度“揭榜挂帅”专项赛文档/sipeed_tof_ms_a010_ros/ros1) by extension 'python'
[0.124s] Level 1:colcon.colcon_core.package_identification:_identify(团中央第十九届挑战杯——2024 年度“揭榜挂帅”专项赛文档/sipeed_tof_ms_a010_ros/ros1) by extensions ['python_setup_py']
[0.124s] Level 1:colcon.colcon_core.package_identification:_identify(团中央第十九届挑战杯——2024 年度“揭榜挂帅”专项赛文档/sipeed_tof_ms_a010_ros/ros1) by extension 'python_setup_py'
[0.124s] Level 1:colcon.colcon_core.package_identification:_identify(团中央第十九届挑战杯——2024 年度“揭榜挂帅”专项赛文档/sipeed_tof_ms_a010_ros/ros1/src) by extensions ['ignore', 'ignore_ament_install']
[0.124s] Level 1:colcon.colcon_core.package_identification:_identify(团中央第十九届挑战杯——2024 年度“揭榜挂帅”专项赛文档/sipeed_tof_ms_a010_ros/ros1/src) by extension 'ignore'
[0.124s] Level 1:colcon.colcon_core.package_identification:_identify(团中央第十九届挑战杯——2024 年度“揭榜挂帅”专项赛文档/sipeed_tof_ms_a010_ros/ros1/src) by extension 'ignore_ament_install'
[0.124s] Level 1:colcon.colcon_core.package_identification:_identify(团中央第十九届挑战杯——2024 年度“揭榜挂帅”专项赛文档/sipeed_tof_ms_a010_ros/ros1/src) by extensions ['colcon_pkg']
[0.124s] Level 1:colcon.colcon_core.package_identification:_identify(团中央第十九届挑战杯——2024 年度“揭榜挂帅”专项赛文档/sipeed_tof_ms_a010_ros/ros1/src) by extension 'colcon_pkg'
[0.124s] Level 1:colcon.colcon_core.package_identification:_identify(团中央第十九届挑战杯——2024 年度“揭榜挂帅”专项赛文档/sipeed_tof_ms_a010_ros/ros1/src) by extensions ['colcon_meta']
[0.124s] Level 1:colcon.colcon_core.package_identification:_identify(团中央第十九届挑战杯——2024 年度“揭榜挂帅”专项赛文档/sipeed_tof_ms_a010_ros/ros1/src) by extension 'colcon_meta'
[0.124s] Level 1:colcon.colcon_core.package_identification:_identify(团中央第十九届挑战杯——2024 年度“揭榜挂帅”专项赛文档/sipeed_tof_ms_a010_ros/ros1/src) by extensions ['ros']
[0.124s] Level 1:colcon.colcon_core.package_identification:_identify(团中央第十九届挑战杯——2024 年度“揭榜挂帅”专项赛文档/sipeed_tof_ms_a010_ros/ros1/src) by extension 'ros'
[0.124s] Level 1:colcon.colcon_core.package_identification:_identify(团中央第十九届挑战杯——2024 年度“揭榜挂帅”专项赛文档/sipeed_tof_ms_a010_ros/ros1/src) by extensions ['cmake', 'python']
[0.124s] Level 1:colcon.colcon_core.package_identification:_identify(团中央第十九届挑战杯——2024 年度“揭榜挂帅”专项赛文档/sipeed_tof_ms_a010_ros/ros1/src) by extension 'cmake'
[0.125s] Level 1:colcon.colcon_core.package_identification:_identify(团中央第十九届挑战杯——2024 年度“揭榜挂帅”专项赛文档/sipeed_tof_ms_a010_ros/ros1/src) by extension 'python'
[0.125s] Level 1:colcon.colcon_core.package_identification:_identify(团中央第十九届挑战杯——2024 年度“揭榜挂帅”专项赛文档/sipeed_tof_ms_a010_ros/ros1/src) by extensions ['python_setup_py']
[0.125s] Level 1:colcon.colcon_core.package_identification:_identify(团中央第十九届挑战杯——2024 年度“揭榜挂帅”专项赛文档/sipeed_tof_ms_a010_ros/ros1/src) by extension 'python_setup_py'
[0.125s] Level 1:colcon.colcon_core.package_identification:_identify(团中央第十九届挑战杯——2024 年度“揭榜挂帅”专项赛文档/sipeed_tof_ms_a010_ros/ros1/src/sipeed_tof_ms_a010) by extensions ['ignore', 'ignore_ament_install']
[0.125s] Level 1:colcon.colcon_core.package_identification:_identify(团中央第十九届挑战杯——2024 年度“揭榜挂帅”专项赛文档/sipeed_tof_ms_a010_ros/ros1/src/sipeed_tof_ms_a010) by extension 'ignore'
[0.125s] Level 1:colcon.colcon_core.package_identification:_identify(团中央第十九届挑战杯——2024 年度“揭榜挂帅”专项赛文档/sipeed_tof_ms_a010_ros/ros1/src/sipeed_tof_ms_a010) by extension 'ignore_ament_install'
[0.125s] Level 1:colcon.colcon_core.package_identification:_identify(团中央第十九届挑战杯——2024 年度“揭榜挂帅”专项赛文档/sipeed_tof_ms_a010_ros/ros1/src/sipeed_tof_ms_a010) by extensions ['colcon_pkg']
[0.125s] Level 1:colcon.colcon_core.package_identification:_identify(团中央第十九届挑战杯——2024 年度“揭榜挂帅”专项赛文档/sipeed_tof_ms_a010_ros/ros1/src/sipeed_tof_ms_a010) by extension 'colcon_pkg'
[0.125s] Level 1:colcon.colcon_core.package_identification:_identify(团中央第十九届挑战杯——2024 年度“揭榜挂帅”专项赛文档/sipeed_tof_ms_a010_ros/ros1/src/sipeed_tof_ms_a010) by extensions ['colcon_meta']
[0.125s] Level 1:colcon.colcon_core.package_identification:_identify(团中央第十九届挑战杯——2024 年度“揭榜挂帅”专项赛文档/sipeed_tof_ms_a010_ros/ros1/src/sipeed_tof_ms_a010) by extension 'colcon_meta'
[0.125s] Level 1:colcon.colcon_core.package_identification:_identify(团中央第十九届挑战杯——2024 年度“揭榜挂帅”专项赛文档/sipeed_tof_ms_a010_ros/ros1/src/sipeed_tof_ms_a010) by extensions ['ros']
[0.125s] Level 1:colcon.colcon_core.package_identification:_identify(团中央第十九届挑战杯——2024 年度“揭榜挂帅”专项赛文档/sipeed_tof_ms_a010_ros/ros1/src/sipeed_tof_ms_a010) by extension 'ros'
[0.125s] DEBUG:colcon.colcon_core.package_identification:Package '团中央第十九届挑战杯——2024 年度“揭榜挂帅”专项赛文档/sipeed_tof_ms_a010_ros/ros1/src/sipeed_tof_ms_a010' with type 'ros.catkin' and name 'sipeed_tof_ms_a010'
[0.125s] Level 1:colcon.colcon_core.package_identification:_identify(团中央第十九届挑战杯——2024 年度“揭榜挂帅”专项赛文档/sipeed_tof_ms_a010_ros/ros2) by extensions ['ignore', 'ignore_ament_install']
[0.125s] Level 1:colcon.colcon_core.package_identification:_identify(团中央第十九届挑战杯——2024 年度“揭榜挂帅”专项赛文档/sipeed_tof_ms_a010_ros/ros2) by extension 'ignore'
[0.125s] Level 1:colcon.colcon_core.package_identification:_identify(团中央第十九届挑战杯——2024 年度“揭榜挂帅”专项赛文档/sipeed_tof_ms_a010_ros/ros2) by extension 'ignore_ament_install'
[0.125s] Level 1:colcon.colcon_core.package_identification:_identify(团中央第十九届挑战杯——2024 年度“揭榜挂帅”专项赛文档/sipeed_tof_ms_a010_ros/ros2) by extensions ['colcon_pkg']
[0.125s] Level 1:colcon.colcon_core.package_identification:_identify(团中央第十九届挑战杯——2024 年度“揭榜挂帅”专项赛文档/sipeed_tof_ms_a010_ros/ros2) by extension 'colcon_pkg'
[0.125s] Level 1:colcon.colcon_core.package_identification:_identify(团中央第十九届挑战杯——2024 年度“揭榜挂帅”专项赛文档/sipeed_tof_ms_a010_ros/ros2) by extensions ['colcon_meta']
[0.125s] Level 1:colcon.colcon_core.package_identification:_identify(团中央第十九届挑战杯——2024 年度“揭榜挂帅”专项赛文档/sipeed_tof_ms_a010_ros/ros2) by extension 'colcon_meta'
[0.125s] Level 1:colcon.colcon_core.package_identification:_identify(团中央第十九届挑战杯——2024 年度“揭榜挂帅”专项赛文档/sipeed_tof_ms_a010_ros/ros2) by extensions ['ros']
[0.125s] Level 1:colcon.colcon_core.package_identification:_identify(团中央第十九届挑战杯——2024 年度“揭榜挂帅”专项赛文档/sipeed_tof_ms_a010_ros/ros2) by extension 'ros'
[0.126s] DEBUG:colcon.colcon_core.package_identification:Package '团中央第十九届挑战杯——2024 年度“揭榜挂帅”专项赛文档/sipeed_tof_ms_a010_ros/ros2' with type 'ros.ament_cmake' and name 'sipeed_tof_ms_a010'
[0.126s] Level 1:colcon.colcon_core.package_discovery:discover_packages(recursive) using defaults
[0.126s] Level 1:colcon.colcon_core.package_discovery:discover_packages(ignore) discover
[0.126s] Level 1:colcon.colcon_core.package_discovery:discover_packages(ignore) using defaults
[0.126s] Level 1:colcon.colcon_core.package_discovery:discover_packages(path) discover
[0.126s] Level 1:colcon.colcon_core.package_discovery:discover_packages(path) using defaults
[0.136s] Level 1:colcon.colcon_core.package_discovery:discover_packages(prefix_path) check parameters
[0.136s] Level 1:colcon.colcon_core.package_discovery:discover_packages(prefix_path) discover
[0.137s] DEBUG:colcon.colcon_installed_package_information.package_discovery:Found 4 installed packages in /home/glack/Documents/project/Tjb/install
[0.137s] DEBUG:colcon.colcon_installed_package_information.package_discovery:Found 270 installed packages in /opt/ros/humble
[0.138s] Level 1:colcon.colcon_core.package_discovery:discover_packages(prefix_path) using defaults
[0.158s] ERROR:colcon:colcon build: Duplicate package names not supported:
- sipeed_tof_ms_a010:
  - 团中央第十九届挑战杯——2024 年度“揭榜挂帅”专项赛文档/sipeed_tof_ms_a010_ros/ros1/src/sipeed_tof_ms_a010
  - 团中央第十九届挑战杯——2024 年度“揭榜挂帅”专项赛文档/sipeed_tof_ms_a010_ros/ros2
