running develop
/usr/lib/python3/dist-packages/setuptools/command/easy_install.py:158: EasyInstallDeprecationWarning: easy_install command is deprecated. Use build and pip and other standards-based tools.
  warnings.warn(
running egg_info
creating position.egg-info
writing position.egg-info/PKG-INFO
writing dependency_links to position.egg-info/dependency_links.txt
writing entry points to position.egg-info/entry_points.txt
writing requirements to position.egg-info/requires.txt
writing top-level names to position.egg-info/top_level.txt
writing manifest file 'position.egg-info/SOURCES.txt'
reading manifest file 'position.egg-info/SOURCES.txt'
writing manifest file 'position.egg-info/SOURCES.txt'
running build_ext
Creating /home/glack/Documents/project/Tjb/install/position/lib/python3.10/site-packages/position.egg-link (link to .)
Installing position_node script to /home/glack/Documents/project/Tjb/install/position/lib/position

Installed /home/glack/Documents/project/Tjb/build/position
running symlink_data
creating /home/glack/Documents/project/Tjb/install/position/share/ament_index
creating /home/glack/Documents/project/Tjb/install/position/share/ament_index/resource_index
creating /home/glack/Documents/project/Tjb/install/position/share/ament_index/resource_index/packages
symbolically linking /home/glack/Documents/project/Tjb/build/position/resource/position -> /home/glack/Documents/project/Tjb/install/position/share/ament_index/resource_index/packages
symbolically linking /home/glack/Documents/project/Tjb/build/position/package.xml -> /home/glack/Documents/project/Tjb/install/position/share/position
creating /home/glack/Documents/project/Tjb/install/position/share/position/launch
symbolically linking /home/glack/Documents/project/Tjb/build/position/launch/position_node_launch.py -> /home/glack/Documents/project/Tjb/install/position/share/position/launch
