[0.006s] Invoking command in '/home/glack/Documents/project/Tjb/build/tof': CMAKE_PREFIX_PATH=${CMAKE_PREFIX_PATH}:/home/glack/Documents/project/Tjb/install/rgbc:/home/glack/Documents/project/Tjb/install/pyqtui:/home/glack/Documents/project/Tjb/install/position:/opt/ros/humble CONDA_PROMPT_MODIFIER=(isaac) /usr/bin/cmake /home/glack/Documents/project/Tjb/src/tof -DCMAKE_BUILD_TYPE=Debug -DCMAKE_INSTALL_PREFIX=/home/glack/Documents/project/Tjb/install/tof
[0.015s] -- Found ament_cmake: 1.3.9 (/opt/ros/humble/share/ament_cmake/cmake)
[0.112s] -- Override CMake install command with custom implementation using symlinks instead of copying resources
[0.124s] -- Found std_msgs: 4.2.4 (/opt/ros/humble/share/std_msgs/cmake)
[0.146s] -- Found rosidl_generator_c: 3.1.5 (/opt/ros/humble/share/rosidl_generator_c/cmake)
[0.149s] -- Found rosidl_adapter: 3.1.5 (/opt/ros/humble/share/rosidl_adapter/cmake)
[0.156s] -- Found rosidl_generator_cpp: 3.1.5 (/opt/ros/humble/share/rosidl_generator_cpp/cmake)
[0.165s] -- Using all available rosidl_typesupport_c: rosidl_typesupport_fastrtps_c;rosidl_typesupport_introspection_c
[0.176s] -- Using all available rosidl_typesupport_cpp: rosidl_typesupport_fastrtps_cpp;rosidl_typesupport_introspection_cpp
[0.207s] -- Found sensor_msgs: 4.2.4 (/opt/ros/humble/share/sensor_msgs/cmake)
[0.276s] -- Found rclcpp: 16.0.9 (/opt/ros/humble/share/rclcpp/cmake)
[0.309s] -- Found rmw_implementation_cmake: 6.1.2 (/opt/ros/humble/share/rmw_implementation_cmake/cmake)
[0.310s] -- Found rmw_fastrtps_cpp: 6.2.6 (/opt/ros/humble/share/rmw_fastrtps_cpp/cmake)
[0.386s] -- Using RMW implementation 'rmw_fastrtps_cpp' as default
[0.466s] -- Found cv_bridge: 3.2.1 (/opt/ros/humble/share/cv_bridge/cmake)
[0.475s] -- Found ament_lint_auto: 0.12.11 (/opt/ros/humble/share/ament_lint_auto/cmake)
[0.536s] -- Added test 'copyright' to check source files copyright and LICENSE
[0.536s] -- Added test 'cppcheck' to perform static code analysis on C / C++ code
[0.536s] -- Configured cppcheck include dirs: 
[0.536s] -- Configured cppcheck exclude dirs and/or files: 
[0.537s] -- Added test 'cpplint' to check C / C++ code against the Google style
[0.537s] -- Configured cpplint exclude dirs and/or files: 
[0.537s] -- Added test 'flake8' to check Python code syntax and style conventions
[0.537s] -- Added test 'lint_cmake' to check CMake code style
[0.538s] -- Added test 'pep257' to check Python code against some of the docstring style conventions in PEP 257
[0.538s] -- Added test 'uncrustify' to check C / C++ code style
[0.538s] -- Configured uncrustify additional arguments: 
[0.538s] -- Added test 'xmllint' to check XML markup files
[0.539s] -- Configuring done
[0.548s] -- Generating done
[0.549s] -- Build files have been written to: /home/glack/Documents/project/Tjb/build/tof
[0.553s] Invoked command in '/home/glack/Documents/project/Tjb/build/tof' returned '0': CMAKE_PREFIX_PATH=${CMAKE_PREFIX_PATH}:/home/glack/Documents/project/Tjb/install/rgbc:/home/glack/Documents/project/Tjb/install/pyqtui:/home/glack/Documents/project/Tjb/install/position:/opt/ros/humble CONDA_PROMPT_MODIFIER=(isaac) /usr/bin/cmake /home/glack/Documents/project/Tjb/src/tof -DCMAKE_BUILD_TYPE=Debug -DCMAKE_INSTALL_PREFIX=/home/glack/Documents/project/Tjb/install/tof
[0.554s] Invoking command in '/home/glack/Documents/project/Tjb/build/tof': CMAKE_PREFIX_PATH=${CMAKE_PREFIX_PATH}:/home/glack/Documents/project/Tjb/install/rgbc:/home/glack/Documents/project/Tjb/install/pyqtui:/home/glack/Documents/project/Tjb/install/position:/opt/ros/humble CONDA_PROMPT_MODIFIER=(isaac) /usr/bin/cmake --build /home/glack/Documents/project/Tjb/build/tof -- -j20 -l20
[0.582s] [35m[1mConsolidate compiler generated dependencies of target publisher[0m
[0.595s] [100%] Built target publisher
[0.601s] Invoked command in '/home/glack/Documents/project/Tjb/build/tof' returned '0': CMAKE_PREFIX_PATH=${CMAKE_PREFIX_PATH}:/home/glack/Documents/project/Tjb/install/rgbc:/home/glack/Documents/project/Tjb/install/pyqtui:/home/glack/Documents/project/Tjb/install/position:/opt/ros/humble CONDA_PROMPT_MODIFIER=(isaac) /usr/bin/cmake --build /home/glack/Documents/project/Tjb/build/tof -- -j20 -l20
[0.626s] Invoking command in '/home/glack/Documents/project/Tjb/build/tof': CMAKE_PREFIX_PATH=${CMAKE_PREFIX_PATH}:/home/glack/Documents/project/Tjb/install/rgbc:/home/glack/Documents/project/Tjb/install/pyqtui:/home/glack/Documents/project/Tjb/install/position:/opt/ros/humble CONDA_PROMPT_MODIFIER=(isaac) /usr/bin/cmake --install /home/glack/Documents/project/Tjb/build/tof
[0.632s] -- Install configuration: "Debug"
[0.632s] -- Execute custom install script
[0.632s] -- Up-to-date symlink: /home/glack/Documents/project/Tjb/install/tof/lib/tof/publisher
[0.633s] -- Up-to-date symlink: /home/glack/Documents/project/Tjb/install/tof/share/tof/launch/__pycache__/tof_node_launch.cpython-310.pyc
[0.633s] -- Up-to-date symlink: /home/glack/Documents/project/Tjb/install/tof/share/tof/launch/tof_node_launch.py
[0.633s] -- Up-to-date symlink: /home/glack/Documents/project/Tjb/install/tof/share/ament_index/resource_index/package_run_dependencies/tof
[0.633s] -- Up-to-date symlink: /home/glack/Documents/project/Tjb/install/tof/share/ament_index/resource_index/parent_prefix_path/tof
[0.633s] -- Up-to-date symlink: /home/glack/Documents/project/Tjb/install/tof/share/tof/environment/ament_prefix_path.sh
[0.633s] -- Up-to-date symlink: /home/glack/Documents/project/Tjb/install/tof/share/tof/environment/ament_prefix_path.dsv
[0.633s] -- Up-to-date symlink: /home/glack/Documents/project/Tjb/install/tof/share/tof/environment/path.sh
[0.633s] -- Up-to-date symlink: /home/glack/Documents/project/Tjb/install/tof/share/tof/environment/path.dsv
[0.634s] -- Up-to-date symlink: /home/glack/Documents/project/Tjb/install/tof/share/tof/local_setup.bash
[0.634s] -- Up-to-date symlink: /home/glack/Documents/project/Tjb/install/tof/share/tof/local_setup.sh
[0.634s] -- Up-to-date symlink: /home/glack/Documents/project/Tjb/install/tof/share/tof/local_setup.zsh
[0.634s] -- Up-to-date symlink: /home/glack/Documents/project/Tjb/install/tof/share/tof/local_setup.dsv
[0.634s] -- Symlinking: /home/glack/Documents/project/Tjb/install/tof/share/tof/package.dsv
[0.639s] -- Up-to-date symlink: /home/glack/Documents/project/Tjb/install/tof/share/ament_index/resource_index/packages/tof
[0.639s] -- Up-to-date symlink: /home/glack/Documents/project/Tjb/install/tof/share/tof/cmake/tofConfig.cmake
[0.639s] -- Up-to-date symlink: /home/glack/Documents/project/Tjb/install/tof/share/tof/cmake/tofConfig-version.cmake
[0.639s] -- Up-to-date symlink: /home/glack/Documents/project/Tjb/install/tof/share/tof/package.xml
[0.640s] Invoked command in '/home/glack/Documents/project/Tjb/build/tof' returned '0': CMAKE_PREFIX_PATH=${CMAKE_PREFIX_PATH}:/home/glack/Documents/project/Tjb/install/rgbc:/home/glack/Documents/project/Tjb/install/pyqtui:/home/glack/Documents/project/Tjb/install/position:/opt/ros/humble CONDA_PROMPT_MODIFIER=(isaac) /usr/bin/cmake --install /home/glack/Documents/project/Tjb/build/tof
