[0.475s] Invoking command in '/home/glack/Documents/project/Tjb/build/pyqtui': CONDA_PROMPT_MODIFIER=(isaac) PYTHONPATH=/home/glack/Documents/project/Tjb/build/pyqtui/prefix_override:/usr/lib/python3/dist-packages/colcon_core/task/python/colcon_distutils_commands:/home/glack/Documents/project/Tjb/install/pyqtui/lib/python3.10/site-packages:${PYTHONPATH} /usr/bin/python3 -W ignore:setup.py install is deprecated setup.py develop --uninstall --editable --build-directory /home/glack/Documents/project/Tjb/build/pyqtui/build
[0.591s] running develop
[0.591s] /usr/lib/python3/dist-packages/setuptools/command/easy_install.py:158: EasyInstallDeprecationWarning: easy_install command is deprecated. Use build and pip and other standards-based tools.
[0.591s]   warnings.warn(
[0.654s] Removing /home/glack/Documents/project/Tjb/install/pyqtui/lib/python3.10/site-packages/pyqtui.egg-link (link to .)
[0.668s] Invoked command in '/home/glack/Documents/project/Tjb/build/pyqtui' returned '0': CONDA_PROMPT_MODIFIER=(isaac) PYTHONPATH=/home/glack/Documents/project/Tjb/build/pyqtui/prefix_override:/usr/lib/python3/dist-packages/colcon_core/task/python/colcon_distutils_commands:/home/glack/Documents/project/Tjb/install/pyqtui/lib/python3.10/site-packages:${PYTHONPATH} /usr/bin/python3 -W ignore:setup.py install is deprecated setup.py develop --uninstall --editable --build-directory /home/glack/Documents/project/Tjb/build/pyqtui/build
[0.669s] Invoking command in '/home/glack/Documents/project/Tjb/src/pyqtui': CONDA_PROMPT_MODIFIER=(isaac) PYTHONPATH=/home/glack/Documents/project/Tjb/build/pyqtui/prefix_override:/usr/lib/python3/dist-packages/colcon_core/task/python/colcon_distutils_commands:/home/glack/Documents/project/Tjb/install/pyqtui/lib/python3.10/site-packages:${PYTHONPATH} /usr/bin/python3 -W ignore:setup.py install is deprecated setup.py egg_info --egg-base ../../build/pyqtui build --build-base /home/glack/Documents/project/Tjb/build/pyqtui/build install --record /home/glack/Documents/project/Tjb/build/pyqtui/install.log --single-version-externally-managed install_data --force
[0.775s] running egg_info
[0.776s] writing ../../build/pyqtui/pyqtui.egg-info/PKG-INFO
[0.776s] writing dependency_links to ../../build/pyqtui/pyqtui.egg-info/dependency_links.txt
[0.776s] writing entry points to ../../build/pyqtui/pyqtui.egg-info/entry_points.txt
[0.776s] writing requirements to ../../build/pyqtui/pyqtui.egg-info/requires.txt
[0.776s] writing top-level names to ../../build/pyqtui/pyqtui.egg-info/top_level.txt
[0.777s] reading manifest file '../../build/pyqtui/pyqtui.egg-info/SOURCES.txt'
[0.777s] writing manifest file '../../build/pyqtui/pyqtui.egg-info/SOURCES.txt'
[0.777s] running build
[0.777s] running build_py
[0.777s] creating /home/glack/Documents/project/Tjb/build/pyqtui/build
[0.778s] creating /home/glack/Documents/project/Tjb/build/pyqtui/build/lib
[0.778s] creating /home/glack/Documents/project/Tjb/build/pyqtui/build/lib/pyqtui
[0.778s] copying pyqtui/test.py -> /home/glack/Documents/project/Tjb/build/pyqtui/build/lib/pyqtui
[0.778s] copying pyqtui/__init__.py -> /home/glack/Documents/project/Tjb/build/pyqtui/build/lib/pyqtui
[0.778s] copying pyqtui/mainwindow_ui.py -> /home/glack/Documents/project/Tjb/build/pyqtui/build/lib/pyqtui
[0.778s] copying pyqtui/pyqtui_node.py -> /home/glack/Documents/project/Tjb/build/pyqtui/build/lib/pyqtui
[0.778s] copying pyqtui/qt_main.py -> /home/glack/Documents/project/Tjb/build/pyqtui/build/lib/pyqtui
[0.778s] running install
[0.778s] running install_lib
[0.778s] creating /home/glack/Documents/project/Tjb/install/pyqtui/lib/python3.10/site-packages/pyqtui
[0.778s] copying /home/glack/Documents/project/Tjb/build/pyqtui/build/lib/pyqtui/test.py -> /home/glack/Documents/project/Tjb/install/pyqtui/lib/python3.10/site-packages/pyqtui
[0.778s] copying /home/glack/Documents/project/Tjb/build/pyqtui/build/lib/pyqtui/__init__.py -> /home/glack/Documents/project/Tjb/install/pyqtui/lib/python3.10/site-packages/pyqtui
[0.778s] copying /home/glack/Documents/project/Tjb/build/pyqtui/build/lib/pyqtui/mainwindow_ui.py -> /home/glack/Documents/project/Tjb/install/pyqtui/lib/python3.10/site-packages/pyqtui
[0.778s] copying /home/glack/Documents/project/Tjb/build/pyqtui/build/lib/pyqtui/pyqtui_node.py -> /home/glack/Documents/project/Tjb/install/pyqtui/lib/python3.10/site-packages/pyqtui
[0.778s] copying /home/glack/Documents/project/Tjb/build/pyqtui/build/lib/pyqtui/qt_main.py -> /home/glack/Documents/project/Tjb/install/pyqtui/lib/python3.10/site-packages/pyqtui
[0.779s] byte-compiling /home/glack/Documents/project/Tjb/install/pyqtui/lib/python3.10/site-packages/pyqtui/test.py to test.cpython-310.pyc
[0.779s] byte-compiling /home/glack/Documents/project/Tjb/install/pyqtui/lib/python3.10/site-packages/pyqtui/__init__.py to __init__.cpython-310.pyc
[0.779s] byte-compiling /home/glack/Documents/project/Tjb/install/pyqtui/lib/python3.10/site-packages/pyqtui/mainwindow_ui.py to mainwindow_ui.cpython-310.pyc
[0.779s] byte-compiling /home/glack/Documents/project/Tjb/install/pyqtui/lib/python3.10/site-packages/pyqtui/pyqtui_node.py to pyqtui_node.cpython-310.pyc
[0.779s] byte-compiling /home/glack/Documents/project/Tjb/install/pyqtui/lib/python3.10/site-packages/pyqtui/qt_main.py to qt_main.cpython-310.pyc
[0.780s] running install_data
[0.780s] copying resource/pyqtui -> /home/glack/Documents/project/Tjb/install/pyqtui/share/ament_index/resource_index/packages
[0.780s] copying package.xml -> /home/glack/Documents/project/Tjb/install/pyqtui/share/pyqtui
[0.780s] copying launch/pyqtui_node_launch.py -> /home/glack/Documents/project/Tjb/install/pyqtui/share/pyqtui/launch
[0.780s] running install_egg_info
[0.781s] Copying ../../build/pyqtui/pyqtui.egg-info to /home/glack/Documents/project/Tjb/install/pyqtui/lib/python3.10/site-packages/pyqtui-0.0.0-py3.10.egg-info
[0.781s] running install_scripts
[0.791s] Installing pyqtui_node script to /home/glack/Documents/project/Tjb/install/pyqtui/lib/pyqtui
[0.791s] writing list of installed files to '/home/glack/Documents/project/Tjb/build/pyqtui/install.log'
[0.804s] Invoked command in '/home/glack/Documents/project/Tjb/src/pyqtui' returned '0': CONDA_PROMPT_MODIFIER=(isaac) PYTHONPATH=/home/glack/Documents/project/Tjb/build/pyqtui/prefix_override:/usr/lib/python3/dist-packages/colcon_core/task/python/colcon_distutils_commands:/home/glack/Documents/project/Tjb/install/pyqtui/lib/python3.10/site-packages:${PYTHONPATH} /usr/bin/python3 -W ignore:setup.py install is deprecated setup.py egg_info --egg-base ../../build/pyqtui build --build-base /home/glack/Documents/project/Tjb/build/pyqtui/build install --record /home/glack/Documents/project/Tjb/build/pyqtui/install.log --single-version-externally-managed install_data --force
