-- The C compiler identification is GNU 11.4.0
-- The CXX compiler identification is GNU 11.4.0
-- Detecting C compiler ABI info
-- Detecting C compiler ABI info - done
-- Check for working C compiler: /usr/bin/cc - skipped
-- Detecting C compile features
-- Detecting C compile features - done
-- Detecting CXX compiler ABI info
-- Detecting CXX compiler ABI info - done
-- Check for working CXX compiler: /usr/bin/c++ - skipped
-- Detecting CXX compile features
-- Detecting CXX compile features - done
-- Found ament_cmake: 1.3.9 (/opt/ros/humble/share/ament_cmake/cmake)
-- Found Python3: /home/glack/anaconda3/envs/isaac/bin/python3 (found version "3.10.14") found components: Interpreter 
-- Override CMake install command with custom implementation using symlinks instead of copying resources
-- Found std_msgs: 4.2.4 (/opt/ros/humble/share/std_msgs/cmake)
-- Found rosidl_generator_c: 3.1.5 (/opt/ros/humble/share/rosidl_generator_c/cmake)
-- Found rosidl_adapter: 3.1.5 (/opt/ros/humble/share/rosidl_adapter/cmake)
-- Found rosidl_generator_cpp: 3.1.5 (/opt/ros/humble/share/rosidl_generator_cpp/cmake)
-- Using all available rosidl_typesupport_c: rosidl_typesupport_fastrtps_c;rosidl_typesupport_introspection_c
-- Using all available rosidl_typesupport_cpp: rosidl_typesupport_fastrtps_cpp;rosidl_typesupport_introspection_cpp
-- Found sensor_msgs: 4.2.4 (/opt/ros/humble/share/sensor_msgs/cmake)
-- Found rclcpp: 16.0.9 (/opt/ros/humble/share/rclcpp/cmake)
-- Found rmw_implementation_cmake: 6.1.2 (/opt/ros/humble/share/rmw_implementation_cmake/cmake)
-- Found rmw_fastrtps_cpp: 6.2.6 (/opt/ros/humble/share/rmw_fastrtps_cpp/cmake)
-- Found OpenSSL: /usr/lib/x86_64-linux-gnu/libcrypto.so (found version "3.0.2")  
-- Found FastRTPS: /opt/ros/humble/include  
-- Using RMW implementation 'rmw_fastrtps_cpp' as default
-- Looking for pthread.h
-- Looking for pthread.h - found
-- Performing Test CMAKE_HAVE_LIBC_PTHREAD
-- Performing Test CMAKE_HAVE_LIBC_PTHREAD - Success
-- Found Threads: TRUE  
-- Found OpenCV: /usr (found version "4.5.4") 
-- Found cv_bridge: 3.2.1 (/opt/ros/humble/share/cv_bridge/cmake)
-- Found ament_lint_auto: 0.12.11 (/opt/ros/humble/share/ament_lint_auto/cmake)
-- Added test 'copyright' to check source files copyright and LICENSE
-- Added test 'cppcheck' to perform static code analysis on C / C++ code
-- Configured cppcheck include dirs: 
-- Configured cppcheck exclude dirs and/or files: 
-- Added test 'cpplint' to check C / C++ code against the Google style
-- Configured cpplint exclude dirs and/or files: 
-- Added test 'flake8' to check Python code syntax and style conventions
-- Added test 'lint_cmake' to check CMake code style
-- Added test 'pep257' to check Python code against some of the docstring style conventions in PEP 257
-- Added test 'uncrustify' to check C / C++ code style
-- Configured uncrustify additional arguments: 
-- Added test 'xmllint' to check XML markup files
-- Configuring done
-- Generating done
-- Build files have been written to: /home/glack/Documents/project/Tjb/build/tof
[ 20%] [32mBuilding CXX object CMakeFiles/publisher.dir/src/main.cc.o[0m
[ 40%] [32mBuilding CXX object CMakeFiles/publisher.dir/src/frame_handle.cc.o[0m
[ 60%] [32mBuilding C object CMakeFiles/publisher.dir/src/cJSON.c.o[0m
[ 80%] [32mBuilding CXX object CMakeFiles/publisher.dir/src/serial.cc.o[0m
[100%] [32m[1mLinking CXX executable publisher[0m
[100%] Built target publisher
-- Install configuration: ""
-- Execute custom install script
-- Symlinking: /home/glack/Documents/project/Tjb/install/tof/lib/tof/publisher
-- Symlinking: /home/glack/Documents/project/Tjb/install/tof/share/tof/launch/__pycache__/tof_node_launch.cpython-310.pyc
-- Symlinking: /home/glack/Documents/project/Tjb/install/tof/share/tof/launch/tof_node_launch.py
-- Symlinking: /home/glack/Documents/project/Tjb/install/tof/share/ament_index/resource_index/package_run_dependencies/tof
-- Symlinking: /home/glack/Documents/project/Tjb/install/tof/share/ament_index/resource_index/parent_prefix_path/tof
-- Symlinking: /home/glack/Documents/project/Tjb/install/tof/share/tof/environment/ament_prefix_path.sh
-- Symlinking: /home/glack/Documents/project/Tjb/install/tof/share/tof/environment/ament_prefix_path.dsv
-- Symlinking: /home/glack/Documents/project/Tjb/install/tof/share/tof/environment/path.sh
-- Symlinking: /home/glack/Documents/project/Tjb/install/tof/share/tof/environment/path.dsv
-- Symlinking: /home/glack/Documents/project/Tjb/install/tof/share/tof/local_setup.bash
-- Symlinking: /home/glack/Documents/project/Tjb/install/tof/share/tof/local_setup.sh
-- Symlinking: /home/glack/Documents/project/Tjb/install/tof/share/tof/local_setup.zsh
-- Symlinking: /home/glack/Documents/project/Tjb/install/tof/share/tof/local_setup.dsv
-- Symlinking: /home/glack/Documents/project/Tjb/install/tof/share/tof/package.dsv
-- Symlinking: /home/glack/Documents/project/Tjb/install/tof/share/ament_index/resource_index/packages/tof
-- Symlinking: /home/glack/Documents/project/Tjb/install/tof/share/tof/cmake/tofConfig.cmake
-- Symlinking: /home/glack/Documents/project/Tjb/install/tof/share/tof/cmake/tofConfig-version.cmake
-- Symlinking: /home/glack/Documents/project/Tjb/install/tof/share/tof/package.xml
