[0.056s] DEBUG:colcon:Command line arguments: ['/usr/bin/colcon', 'build']
[0.056s] DEBUG:colcon:Parsed command line arguments: Namespace(log_base=None, log_level=None, verb_name='build', build_base='build', install_base='install', merge_install=False, symlink_install=False, test_result_base=None, continue_on_error=False, executor='parallel', parallel_workers=20, event_handlers=None, ignore_user_meta=False, metas=['./colcon.meta'], base_paths=['.'], packages_ignore=None, packages_ignore_regex=None, paths=None, packages_up_to=None, packages_up_to_regex=None, packages_above=None, packages_above_and_dependencies=None, packages_above_depth=None, packages_select_by_dep=None, packages_skip_by_dep=None, packages_skip_up_to=None, packages_select_build_failed=False, packages_skip_build_finished=False, packages_select_test_failures=False, packages_skip_test_passed=False, packages_select=None, packages_skip=None, packages_select_regex=None, packages_skip_regex=None, packages_start=None, packages_end=None, allow_overriding=[], cmake_args=None, cmake_target=None, cmake_target_skip_unavailable=False, cmake_clean_cache=False, cmake_clean_first=False, cmake_force_configure=False, ament_cmake_args=None, catkin_cmake_args=None, catkin_skip_building_tests=False, verb_parser=<colcon_defaults.argument_parser.defaults.DefaultArgumentsDecorator object at 0x70caadc03e80>, verb_extension=<colcon_core.verb.build.BuildVerb object at 0x70caadd44b50>, main=<bound method BuildVerb.main of <colcon_core.verb.build.BuildVerb object at 0x70caadd44b50>>)
[0.123s] Level 1:colcon.colcon_core.package_discovery:discover_packages(colcon_meta) check parameters
[0.123s] Level 1:colcon.colcon_core.package_discovery:discover_packages(recursive) check parameters
[0.123s] Level 1:colcon.colcon_core.package_discovery:discover_packages(ignore) check parameters
[0.123s] Level 1:colcon.colcon_core.package_discovery:discover_packages(path) check parameters
[0.123s] Level 1:colcon.colcon_core.package_discovery:discover_packages(colcon_meta) discover
[0.123s] Level 1:colcon.colcon_core.package_discovery:discover_packages(recursive) discover
[0.123s] INFO:colcon.colcon_core.package_discovery:Crawling recursively for packages in '/home/glack/Documents/project/Tjb'
[0.123s] Level 1:colcon.colcon_core.package_identification:_identify(.) by extensions ['ignore', 'ignore_ament_install']
[0.123s] Level 1:colcon.colcon_core.package_identification:_identify(.) by extension 'ignore'
[0.123s] Level 1:colcon.colcon_core.package_identification:_identify(.) by extension 'ignore_ament_install'
[0.123s] Level 1:colcon.colcon_core.package_identification:_identify(.) by extensions ['colcon_pkg']
[0.123s] Level 1:colcon.colcon_core.package_identification:_identify(.) by extension 'colcon_pkg'
[0.123s] Level 1:colcon.colcon_core.package_identification:_identify(.) by extensions ['colcon_meta']
[0.123s] Level 1:colcon.colcon_core.package_identification:_identify(.) by extension 'colcon_meta'
[0.124s] Level 1:colcon.colcon_core.package_identification:_identify(.) by extensions ['ros']
[0.124s] Level 1:colcon.colcon_core.package_identification:_identify(.) by extension 'ros'
[0.129s] Level 1:colcon.colcon_core.package_identification:_identify(.) by extensions ['cmake', 'python']
[0.129s] Level 1:colcon.colcon_core.package_identification:_identify(.) by extension 'cmake'
[0.129s] Level 1:colcon.colcon_core.package_identification:_identify(.) by extension 'python'
[0.129s] Level 1:colcon.colcon_core.package_identification:_identify(.) by extensions ['python_setup_py']
[0.129s] Level 1:colcon.colcon_core.package_identification:_identify(.) by extension 'python_setup_py'
[0.129s] Level 1:colcon.colcon_core.package_identification:_identify(build) by extensions ['ignore', 'ignore_ament_install']
[0.129s] Level 1:colcon.colcon_core.package_identification:_identify(build) by extension 'ignore'
[0.129s] Level 1:colcon.colcon_core.package_identification:_identify(build) ignored
[0.129s] Level 1:colcon.colcon_core.package_identification:_identify(install) by extensions ['ignore', 'ignore_ament_install']
[0.129s] Level 1:colcon.colcon_core.package_identification:_identify(install) by extension 'ignore'
[0.129s] Level 1:colcon.colcon_core.package_identification:_identify(install) ignored
[0.129s] Level 1:colcon.colcon_core.package_identification:_identify(launch) by extensions ['ignore', 'ignore_ament_install']
[0.129s] Level 1:colcon.colcon_core.package_identification:_identify(launch) by extension 'ignore'
[0.129s] Level 1:colcon.colcon_core.package_identification:_identify(launch) by extension 'ignore_ament_install'
[0.129s] Level 1:colcon.colcon_core.package_identification:_identify(launch) by extensions ['colcon_pkg']
[0.129s] Level 1:colcon.colcon_core.package_identification:_identify(launch) by extension 'colcon_pkg'
[0.129s] Level 1:colcon.colcon_core.package_identification:_identify(launch) by extensions ['colcon_meta']
[0.129s] Level 1:colcon.colcon_core.package_identification:_identify(launch) by extension 'colcon_meta'
[0.129s] Level 1:colcon.colcon_core.package_identification:_identify(launch) by extensions ['ros']
[0.129s] Level 1:colcon.colcon_core.package_identification:_identify(launch) by extension 'ros'
[0.129s] Level 1:colcon.colcon_core.package_identification:_identify(launch) by extensions ['cmake', 'python']
[0.129s] Level 1:colcon.colcon_core.package_identification:_identify(launch) by extension 'cmake'
[0.129s] Level 1:colcon.colcon_core.package_identification:_identify(launch) by extension 'python'
[0.129s] Level 1:colcon.colcon_core.package_identification:_identify(launch) by extensions ['python_setup_py']
[0.129s] Level 1:colcon.colcon_core.package_identification:_identify(launch) by extension 'python_setup_py'
[0.129s] Level 1:colcon.colcon_core.package_identification:_identify(launch/__pycache__) by extensions ['ignore', 'ignore_ament_install']
[0.129s] Level 1:colcon.colcon_core.package_identification:_identify(launch/__pycache__) by extension 'ignore'
[0.129s] Level 1:colcon.colcon_core.package_identification:_identify(launch/__pycache__) by extension 'ignore_ament_install'
[0.129s] Level 1:colcon.colcon_core.package_identification:_identify(launch/__pycache__) by extensions ['colcon_pkg']
[0.129s] Level 1:colcon.colcon_core.package_identification:_identify(launch/__pycache__) by extension 'colcon_pkg'
[0.130s] Level 1:colcon.colcon_core.package_identification:_identify(launch/__pycache__) by extensions ['colcon_meta']
[0.130s] Level 1:colcon.colcon_core.package_identification:_identify(launch/__pycache__) by extension 'colcon_meta'
[0.130s] Level 1:colcon.colcon_core.package_identification:_identify(launch/__pycache__) by extensions ['ros']
[0.130s] Level 1:colcon.colcon_core.package_identification:_identify(launch/__pycache__) by extension 'ros'
[0.130s] Level 1:colcon.colcon_core.package_identification:_identify(launch/__pycache__) by extensions ['cmake', 'python']
[0.130s] Level 1:colcon.colcon_core.package_identification:_identify(launch/__pycache__) by extension 'cmake'
[0.130s] Level 1:colcon.colcon_core.package_identification:_identify(launch/__pycache__) by extension 'python'
[0.130s] Level 1:colcon.colcon_core.package_identification:_identify(launch/__pycache__) by extensions ['python_setup_py']
[0.130s] Level 1:colcon.colcon_core.package_identification:_identify(launch/__pycache__) by extension 'python_setup_py'
[0.130s] Level 1:colcon.colcon_core.package_identification:_identify(log) by extensions ['ignore', 'ignore_ament_install']
[0.130s] Level 1:colcon.colcon_core.package_identification:_identify(log) by extension 'ignore'
[0.130s] Level 1:colcon.colcon_core.package_identification:_identify(log) ignored
[0.130s] Level 1:colcon.colcon_core.package_identification:_identify(qtui) by extensions ['ignore', 'ignore_ament_install']
[0.130s] Level 1:colcon.colcon_core.package_identification:_identify(qtui) by extension 'ignore'
[0.130s] Level 1:colcon.colcon_core.package_identification:_identify(qtui) by extension 'ignore_ament_install'
[0.130s] Level 1:colcon.colcon_core.package_identification:_identify(qtui) by extensions ['colcon_pkg']
[0.130s] Level 1:colcon.colcon_core.package_identification:_identify(qtui) by extension 'colcon_pkg'
[0.130s] Level 1:colcon.colcon_core.package_identification:_identify(qtui) by extensions ['colcon_meta']
[0.130s] Level 1:colcon.colcon_core.package_identification:_identify(qtui) by extension 'colcon_meta'
[0.130s] Level 1:colcon.colcon_core.package_identification:_identify(qtui) by extensions ['ros']
[0.130s] Level 1:colcon.colcon_core.package_identification:_identify(qtui) by extension 'ros'
[0.130s] Level 1:colcon.colcon_core.package_identification:_identify(qtui) by extensions ['cmake', 'python']
[0.130s] Level 1:colcon.colcon_core.package_identification:_identify(qtui) by extension 'cmake'
[0.130s] Level 1:colcon.colcon_core.package_identification:_identify(qtui) by extension 'python'
[0.130s] Level 1:colcon.colcon_core.package_identification:_identify(qtui) by extensions ['python_setup_py']
[0.130s] Level 1:colcon.colcon_core.package_identification:_identify(qtui) by extension 'python_setup_py'
[0.130s] Level 1:colcon.colcon_core.package_identification:_identify(src) by extensions ['ignore', 'ignore_ament_install']
[0.130s] Level 1:colcon.colcon_core.package_identification:_identify(src) by extension 'ignore'
[0.130s] Level 1:colcon.colcon_core.package_identification:_identify(src) by extension 'ignore_ament_install'
[0.130s] Level 1:colcon.colcon_core.package_identification:_identify(src) by extensions ['colcon_pkg']
[0.130s] Level 1:colcon.colcon_core.package_identification:_identify(src) by extension 'colcon_pkg'
[0.130s] Level 1:colcon.colcon_core.package_identification:_identify(src) by extensions ['colcon_meta']
[0.130s] Level 1:colcon.colcon_core.package_identification:_identify(src) by extension 'colcon_meta'
[0.130s] Level 1:colcon.colcon_core.package_identification:_identify(src) by extensions ['ros']
[0.130s] Level 1:colcon.colcon_core.package_identification:_identify(src) by extension 'ros'
[0.130s] Level 1:colcon.colcon_core.package_identification:_identify(src) by extensions ['cmake', 'python']
[0.130s] Level 1:colcon.colcon_core.package_identification:_identify(src) by extension 'cmake'
[0.130s] Level 1:colcon.colcon_core.package_identification:_identify(src) by extension 'python'
[0.130s] Level 1:colcon.colcon_core.package_identification:_identify(src) by extensions ['python_setup_py']
[0.130s] Level 1:colcon.colcon_core.package_identification:_identify(src) by extension 'python_setup_py'
[0.130s] Level 1:colcon.colcon_core.package_identification:_identify(src/position) by extensions ['ignore', 'ignore_ament_install']
[0.130s] Level 1:colcon.colcon_core.package_identification:_identify(src/position) by extension 'ignore'
[0.130s] Level 1:colcon.colcon_core.package_identification:_identify(src/position) by extension 'ignore_ament_install'
[0.130s] Level 1:colcon.colcon_core.package_identification:_identify(src/position) by extensions ['colcon_pkg']
[0.130s] Level 1:colcon.colcon_core.package_identification:_identify(src/position) by extension 'colcon_pkg'
[0.130s] Level 1:colcon.colcon_core.package_identification:_identify(src/position) by extensions ['colcon_meta']
[0.130s] Level 1:colcon.colcon_core.package_identification:_identify(src/position) by extension 'colcon_meta'
[0.130s] Level 1:colcon.colcon_core.package_identification:_identify(src/position) by extensions ['ros']
[0.130s] Level 1:colcon.colcon_core.package_identification:_identify(src/position) by extension 'ros'
[0.132s] DEBUG:colcon.colcon_core.package_identification:Package 'src/position' with type 'ros.ament_python' and name 'position'
[0.132s] Level 1:colcon.colcon_core.package_identification:_identify(src/pyqtui) by extensions ['ignore', 'ignore_ament_install']
[0.132s] Level 1:colcon.colcon_core.package_identification:_identify(src/pyqtui) by extension 'ignore'
[0.132s] Level 1:colcon.colcon_core.package_identification:_identify(src/pyqtui) by extension 'ignore_ament_install'
[0.132s] Level 1:colcon.colcon_core.package_identification:_identify(src/pyqtui) by extensions ['colcon_pkg']
[0.132s] Level 1:colcon.colcon_core.package_identification:_identify(src/pyqtui) by extension 'colcon_pkg'
[0.132s] Level 1:colcon.colcon_core.package_identification:_identify(src/pyqtui) by extensions ['colcon_meta']
[0.132s] Level 1:colcon.colcon_core.package_identification:_identify(src/pyqtui) by extension 'colcon_meta'
[0.132s] Level 1:colcon.colcon_core.package_identification:_identify(src/pyqtui) by extensions ['ros']
[0.132s] Level 1:colcon.colcon_core.package_identification:_identify(src/pyqtui) by extension 'ros'
[0.132s] DEBUG:colcon.colcon_core.package_identification:Package 'src/pyqtui' with type 'ros.ament_python' and name 'pyqtui'
[0.132s] Level 1:colcon.colcon_core.package_identification:_identify(src/rgbc) by extensions ['ignore', 'ignore_ament_install']
[0.132s] Level 1:colcon.colcon_core.package_identification:_identify(src/rgbc) by extension 'ignore'
[0.132s] Level 1:colcon.colcon_core.package_identification:_identify(src/rgbc) by extension 'ignore_ament_install'
[0.132s] Level 1:colcon.colcon_core.package_identification:_identify(src/rgbc) by extensions ['colcon_pkg']
[0.132s] Level 1:colcon.colcon_core.package_identification:_identify(src/rgbc) by extension 'colcon_pkg'
[0.132s] Level 1:colcon.colcon_core.package_identification:_identify(src/rgbc) by extensions ['colcon_meta']
[0.132s] Level 1:colcon.colcon_core.package_identification:_identify(src/rgbc) by extension 'colcon_meta'
[0.132s] Level 1:colcon.colcon_core.package_identification:_identify(src/rgbc) by extensions ['ros']
[0.132s] Level 1:colcon.colcon_core.package_identification:_identify(src/rgbc) by extension 'ros'
[0.133s] DEBUG:colcon.colcon_core.package_identification:Package 'src/rgbc' with type 'ros.ament_python' and name 'rgbc'
[0.133s] Level 1:colcon.colcon_core.package_identification:_identify(src/tof) by extensions ['ignore', 'ignore_ament_install']
[0.133s] Level 1:colcon.colcon_core.package_identification:_identify(src/tof) by extension 'ignore'
[0.133s] Level 1:colcon.colcon_core.package_identification:_identify(src/tof) by extension 'ignore_ament_install'
[0.133s] Level 1:colcon.colcon_core.package_identification:_identify(src/tof) by extensions ['colcon_pkg']
[0.133s] Level 1:colcon.colcon_core.package_identification:_identify(src/tof) by extension 'colcon_pkg'
[0.133s] Level 1:colcon.colcon_core.package_identification:_identify(src/tof) by extensions ['colcon_meta']
[0.133s] Level 1:colcon.colcon_core.package_identification:_identify(src/tof) by extension 'colcon_meta'
[0.133s] Level 1:colcon.colcon_core.package_identification:_identify(src/tof) by extensions ['ros']
[0.133s] Level 1:colcon.colcon_core.package_identification:_identify(src/tof) by extension 'ros'
[0.133s] DEBUG:colcon.colcon_core.package_identification:Package 'src/tof' with type 'ros.ament_cmake' and name 'tof'
[0.133s] Level 1:colcon.colcon_core.package_identification:_identify(团中央第十九届挑战杯——2024 年度“揭榜挂帅”专项赛文档) by extensions ['ignore', 'ignore_ament_install']
[0.133s] Level 1:colcon.colcon_core.package_identification:_identify(团中央第十九届挑战杯——2024 年度“揭榜挂帅”专项赛文档) by extension 'ignore'
[0.133s] Level 1:colcon.colcon_core.package_identification:_identify(团中央第十九届挑战杯——2024 年度“揭榜挂帅”专项赛文档) by extension 'ignore_ament_install'
[0.133s] Level 1:colcon.colcon_core.package_identification:_identify(团中央第十九届挑战杯——2024 年度“揭榜挂帅”专项赛文档) by extensions ['colcon_pkg']
[0.133s] Level 1:colcon.colcon_core.package_identification:_identify(团中央第十九届挑战杯——2024 年度“揭榜挂帅”专项赛文档) by extension 'colcon_pkg'
[0.133s] Level 1:colcon.colcon_core.package_identification:_identify(团中央第十九届挑战杯——2024 年度“揭榜挂帅”专项赛文档) by extensions ['colcon_meta']
[0.133s] Level 1:colcon.colcon_core.package_identification:_identify(团中央第十九届挑战杯——2024 年度“揭榜挂帅”专项赛文档) by extension 'colcon_meta'
[0.133s] Level 1:colcon.colcon_core.package_identification:_identify(团中央第十九届挑战杯——2024 年度“揭榜挂帅”专项赛文档) by extensions ['ros']
[0.133s] Level 1:colcon.colcon_core.package_identification:_identify(团中央第十九届挑战杯——2024 年度“揭榜挂帅”专项赛文档) by extension 'ros'
[0.133s] Level 1:colcon.colcon_core.package_identification:_identify(团中央第十九届挑战杯——2024 年度“揭榜挂帅”专项赛文档) by extensions ['cmake', 'python']
[0.133s] Level 1:colcon.colcon_core.package_identification:_identify(团中央第十九届挑战杯——2024 年度“揭榜挂帅”专项赛文档) by extension 'cmake'
[0.133s] Level 1:colcon.colcon_core.package_identification:_identify(团中央第十九届挑战杯——2024 年度“揭榜挂帅”专项赛文档) by extension 'python'
[0.133s] Level 1:colcon.colcon_core.package_identification:_identify(团中央第十九届挑战杯——2024 年度“揭榜挂帅”专项赛文档) by extensions ['python_setup_py']
[0.133s] Level 1:colcon.colcon_core.package_identification:_identify(团中央第十九届挑战杯——2024 年度“揭榜挂帅”专项赛文档) by extension 'python_setup_py'
[0.133s] Level 1:colcon.colcon_core.package_discovery:discover_packages(recursive) using defaults
[0.133s] Level 1:colcon.colcon_core.package_discovery:discover_packages(ignore) discover
[0.133s] Level 1:colcon.colcon_core.package_discovery:discover_packages(ignore) using defaults
[0.133s] Level 1:colcon.colcon_core.package_discovery:discover_packages(path) discover
[0.133s] Level 1:colcon.colcon_core.package_discovery:discover_packages(path) using defaults
[0.144s] Level 1:colcon.colcon_core.package_discovery:discover_packages(prefix_path) check parameters
[0.144s] Level 1:colcon.colcon_core.package_discovery:discover_packages(prefix_path) discover
[0.144s] DEBUG:colcon.colcon_installed_package_information.package_discovery:Found 4 installed packages in /home/glack/Documents/project/Tjb/install
[0.145s] DEBUG:colcon.colcon_installed_package_information.package_discovery:Found 270 installed packages in /opt/ros/humble
[0.146s] Level 1:colcon.colcon_core.package_discovery:discover_packages(prefix_path) using defaults
[0.167s] Level 5:colcon.colcon_core.verb:set package 'position' build argument 'cmake_args' from command line to 'None'
[0.167s] Level 5:colcon.colcon_core.verb:set package 'position' build argument 'cmake_target' from command line to 'None'
[0.167s] Level 5:colcon.colcon_core.verb:set package 'position' build argument 'cmake_target_skip_unavailable' from command line to 'False'
[0.167s] Level 5:colcon.colcon_core.verb:set package 'position' build argument 'cmake_clean_cache' from command line to 'False'
[0.167s] Level 5:colcon.colcon_core.verb:set package 'position' build argument 'cmake_clean_first' from command line to 'False'
[0.167s] Level 5:colcon.colcon_core.verb:set package 'position' build argument 'cmake_force_configure' from command line to 'False'
[0.167s] Level 5:colcon.colcon_core.verb:set package 'position' build argument 'ament_cmake_args' from command line to 'None'
[0.167s] Level 5:colcon.colcon_core.verb:set package 'position' build argument 'catkin_cmake_args' from command line to 'None'
[0.167s] Level 5:colcon.colcon_core.verb:set package 'position' build argument 'catkin_skip_building_tests' from command line to 'False'
[0.167s] DEBUG:colcon.colcon_core.verb:Building package 'position' with the following arguments: {'ament_cmake_args': None, 'build_base': '/home/glack/Documents/project/Tjb/build/position', 'catkin_cmake_args': None, 'catkin_skip_building_tests': False, 'cmake_args': None, 'cmake_clean_cache': False, 'cmake_clean_first': False, 'cmake_force_configure': False, 'cmake_target': None, 'cmake_target_skip_unavailable': False, 'install_base': '/home/glack/Documents/project/Tjb/install/position', 'merge_install': False, 'path': '/home/glack/Documents/project/Tjb/src/position', 'symlink_install': False, 'test_result_base': None}
[0.167s] Level 5:colcon.colcon_core.verb:set package 'pyqtui' build argument 'cmake_args' from command line to 'None'
[0.167s] Level 5:colcon.colcon_core.verb:set package 'pyqtui' build argument 'cmake_target' from command line to 'None'
[0.167s] Level 5:colcon.colcon_core.verb:set package 'pyqtui' build argument 'cmake_target_skip_unavailable' from command line to 'False'
[0.167s] Level 5:colcon.colcon_core.verb:set package 'pyqtui' build argument 'cmake_clean_cache' from command line to 'False'
[0.167s] Level 5:colcon.colcon_core.verb:set package 'pyqtui' build argument 'cmake_clean_first' from command line to 'False'
[0.167s] Level 5:colcon.colcon_core.verb:set package 'pyqtui' build argument 'cmake_force_configure' from command line to 'False'
[0.167s] Level 5:colcon.colcon_core.verb:set package 'pyqtui' build argument 'ament_cmake_args' from command line to 'None'
[0.167s] Level 5:colcon.colcon_core.verb:set package 'pyqtui' build argument 'catkin_cmake_args' from command line to 'None'
[0.167s] Level 5:colcon.colcon_core.verb:set package 'pyqtui' build argument 'catkin_skip_building_tests' from command line to 'False'
[0.167s] DEBUG:colcon.colcon_core.verb:Building package 'pyqtui' with the following arguments: {'ament_cmake_args': None, 'build_base': '/home/glack/Documents/project/Tjb/build/pyqtui', 'catkin_cmake_args': None, 'catkin_skip_building_tests': False, 'cmake_args': None, 'cmake_clean_cache': False, 'cmake_clean_first': False, 'cmake_force_configure': False, 'cmake_target': None, 'cmake_target_skip_unavailable': False, 'install_base': '/home/glack/Documents/project/Tjb/install/pyqtui', 'merge_install': False, 'path': '/home/glack/Documents/project/Tjb/src/pyqtui', 'symlink_install': False, 'test_result_base': None}
[0.168s] Level 5:colcon.colcon_core.verb:set package 'rgbc' build argument 'cmake_args' from command line to 'None'
[0.168s] Level 5:colcon.colcon_core.verb:set package 'rgbc' build argument 'cmake_target' from command line to 'None'
[0.168s] Level 5:colcon.colcon_core.verb:set package 'rgbc' build argument 'cmake_target_skip_unavailable' from command line to 'False'
[0.168s] Level 5:colcon.colcon_core.verb:set package 'rgbc' build argument 'cmake_clean_cache' from command line to 'False'
[0.168s] Level 5:colcon.colcon_core.verb:set package 'rgbc' build argument 'cmake_clean_first' from command line to 'False'
[0.168s] Level 5:colcon.colcon_core.verb:set package 'rgbc' build argument 'cmake_force_configure' from command line to 'False'
[0.168s] Level 5:colcon.colcon_core.verb:set package 'rgbc' build argument 'ament_cmake_args' from command line to 'None'
[0.168s] Level 5:colcon.colcon_core.verb:set package 'rgbc' build argument 'catkin_cmake_args' from command line to 'None'
[0.168s] Level 5:colcon.colcon_core.verb:set package 'rgbc' build argument 'catkin_skip_building_tests' from command line to 'False'
[0.168s] DEBUG:colcon.colcon_core.verb:Building package 'rgbc' with the following arguments: {'ament_cmake_args': None, 'build_base': '/home/glack/Documents/project/Tjb/build/rgbc', 'catkin_cmake_args': None, 'catkin_skip_building_tests': False, 'cmake_args': None, 'cmake_clean_cache': False, 'cmake_clean_first': False, 'cmake_force_configure': False, 'cmake_target': None, 'cmake_target_skip_unavailable': False, 'install_base': '/home/glack/Documents/project/Tjb/install/rgbc', 'merge_install': False, 'path': '/home/glack/Documents/project/Tjb/src/rgbc', 'symlink_install': False, 'test_result_base': None}
[0.168s] Level 5:colcon.colcon_core.verb:set package 'tof' build argument 'cmake_args' from command line to 'None'
[0.168s] Level 5:colcon.colcon_core.verb:set package 'tof' build argument 'cmake_target' from command line to 'None'
[0.168s] Level 5:colcon.colcon_core.verb:set package 'tof' build argument 'cmake_target_skip_unavailable' from command line to 'False'
[0.168s] Level 5:colcon.colcon_core.verb:set package 'tof' build argument 'cmake_clean_cache' from command line to 'False'
[0.168s] Level 5:colcon.colcon_core.verb:set package 'tof' build argument 'cmake_clean_first' from command line to 'False'
[0.168s] Level 5:colcon.colcon_core.verb:set package 'tof' build argument 'cmake_force_configure' from command line to 'False'
[0.168s] Level 5:colcon.colcon_core.verb:set package 'tof' build argument 'ament_cmake_args' from command line to 'None'
[0.168s] Level 5:colcon.colcon_core.verb:set package 'tof' build argument 'catkin_cmake_args' from command line to 'None'
[0.168s] Level 5:colcon.colcon_core.verb:set package 'tof' build argument 'catkin_skip_building_tests' from command line to 'False'
[0.168s] DEBUG:colcon.colcon_core.verb:Building package 'tof' with the following arguments: {'ament_cmake_args': None, 'build_base': '/home/glack/Documents/project/Tjb/build/tof', 'catkin_cmake_args': None, 'catkin_skip_building_tests': False, 'cmake_args': None, 'cmake_clean_cache': False, 'cmake_clean_first': False, 'cmake_force_configure': False, 'cmake_target': None, 'cmake_target_skip_unavailable': False, 'install_base': '/home/glack/Documents/project/Tjb/install/tof', 'merge_install': False, 'path': '/home/glack/Documents/project/Tjb/src/tof', 'symlink_install': False, 'test_result_base': None}
[0.168s] INFO:colcon.colcon_core.executor:Executing jobs using 'parallel' executor
[0.169s] DEBUG:colcon.colcon_parallel_executor.executor.parallel:run_until_complete
[0.169s] INFO:colcon.colcon_ros.task.ament_python.build:Building ROS package in '/home/glack/Documents/project/Tjb/src/position' with build type 'ament_python'
[0.169s] Level 1:colcon.colcon_core.shell:create_environment_hook('position', 'ament_prefix_path')
[0.170s] INFO:colcon.colcon_core.plugin_system:Skipping extension 'colcon_core.shell.bat': Not used on non-Windows systems
[0.170s] INFO:colcon.colcon_core.shell:Creating environment hook '/home/glack/Documents/project/Tjb/install/position/share/position/hook/ament_prefix_path.ps1'
[0.170s] INFO:colcon.colcon_core.shell:Creating environment descriptor '/home/glack/Documents/project/Tjb/install/position/share/position/hook/ament_prefix_path.dsv'
[0.170s] INFO:colcon.colcon_core.shell:Creating environment hook '/home/glack/Documents/project/Tjb/install/position/share/position/hook/ament_prefix_path.sh'
[0.170s] INFO:colcon.colcon_core.shell:Skip shell extension 'powershell' for command environment: Not usable outside of PowerShell
[0.171s] DEBUG:colcon.colcon_core.shell:Skip shell extension 'dsv' for command environment
[0.172s] INFO:colcon.colcon_ros.task.ament_python.build:Building ROS package in '/home/glack/Documents/project/Tjb/src/pyqtui' with build type 'ament_python'
[0.172s] Level 1:colcon.colcon_core.shell:create_environment_hook('pyqtui', 'ament_prefix_path')
[0.172s] INFO:colcon.colcon_core.shell:Creating environment hook '/home/glack/Documents/project/Tjb/install/pyqtui/share/pyqtui/hook/ament_prefix_path.ps1'
[0.172s] INFO:colcon.colcon_core.shell:Creating environment descriptor '/home/glack/Documents/project/Tjb/install/pyqtui/share/pyqtui/hook/ament_prefix_path.dsv'
[0.172s] INFO:colcon.colcon_core.shell:Creating environment hook '/home/glack/Documents/project/Tjb/install/pyqtui/share/pyqtui/hook/ament_prefix_path.sh'
[0.173s] INFO:colcon.colcon_core.shell:Skip shell extension 'powershell' for command environment: Not usable outside of PowerShell
[0.173s] DEBUG:colcon.colcon_core.shell:Skip shell extension 'dsv' for command environment
[0.174s] INFO:colcon.colcon_ros.task.ament_python.build:Building ROS package in '/home/glack/Documents/project/Tjb/src/rgbc' with build type 'ament_python'
[0.174s] Level 1:colcon.colcon_core.shell:create_environment_hook('rgbc', 'ament_prefix_path')
[0.174s] INFO:colcon.colcon_core.shell:Creating environment hook '/home/glack/Documents/project/Tjb/install/rgbc/share/rgbc/hook/ament_prefix_path.ps1'
[0.175s] INFO:colcon.colcon_core.shell:Creating environment descriptor '/home/glack/Documents/project/Tjb/install/rgbc/share/rgbc/hook/ament_prefix_path.dsv'
[0.175s] INFO:colcon.colcon_core.shell:Creating environment hook '/home/glack/Documents/project/Tjb/install/rgbc/share/rgbc/hook/ament_prefix_path.sh'
[0.175s] INFO:colcon.colcon_core.shell:Skip shell extension 'powershell' for command environment: Not usable outside of PowerShell
[0.175s] DEBUG:colcon.colcon_core.shell:Skip shell extension 'dsv' for command environment
[0.177s] INFO:colcon.colcon_ros.task.ament_cmake.build:Building ROS package in '/home/glack/Documents/project/Tjb/src/tof' with build type 'ament_cmake'
[0.177s] INFO:colcon.colcon_cmake.task.cmake.build:Building CMake package in '/home/glack/Documents/project/Tjb/src/tof'
[0.177s] INFO:colcon.colcon_core.shell:Skip shell extension 'powershell' for command environment: Not usable outside of PowerShell
[0.177s] DEBUG:colcon.colcon_core.shell:Skip shell extension 'dsv' for command environment
[0.285s] INFO:colcon.colcon_core.task.python.build:Building Python package in '/home/glack/Documents/project/Tjb/src/position'
[0.285s] INFO:colcon.colcon_core.shell:Skip shell extension 'powershell' for command environment: Not usable outside of PowerShell
[0.285s] DEBUG:colcon.colcon_core.shell:Skip shell extension 'dsv' for command environment
[0.394s] INFO:colcon.colcon_core.task.python.build:Building Python package in '/home/glack/Documents/project/Tjb/src/pyqtui'
[0.394s] INFO:colcon.colcon_core.shell:Skip shell extension 'powershell' for command environment: Not usable outside of PowerShell
[0.394s] DEBUG:colcon.colcon_core.shell:Skip shell extension 'dsv' for command environment
[0.506s] INFO:colcon.colcon_core.task.python.build:Building Python package in '/home/glack/Documents/project/Tjb/src/rgbc'
[0.506s] INFO:colcon.colcon_core.shell:Skip shell extension 'powershell' for command environment: Not usable outside of PowerShell
[0.506s] DEBUG:colcon.colcon_core.shell:Skip shell extension 'dsv' for command environment
[0.510s] DEBUG:colcon.colcon_core.event_handler.log_command:Invoking command in '/home/glack/Documents/project/Tjb/build/tof': CMAKE_PREFIX_PATH=${CMAKE_PREFIX_PATH}:/home/glack/Documents/project/Tjb/install/rgbc:/home/glack/Documents/project/Tjb/install/pyqtui:/home/glack/Documents/project/Tjb/install/position:/opt/ros/humble CONDA_PROMPT_MODIFIER=(isaac) /usr/bin/cmake --build /home/glack/Documents/project/Tjb/build/tof -- -j20 -l20
[0.551s] DEBUG:colcon.colcon_core.event_handler.log_command:Invoked command in '/home/glack/Documents/project/Tjb/build/tof' returned '0': CMAKE_PREFIX_PATH=${CMAKE_PREFIX_PATH}:/home/glack/Documents/project/Tjb/install/rgbc:/home/glack/Documents/project/Tjb/install/pyqtui:/home/glack/Documents/project/Tjb/install/position:/opt/ros/humble CONDA_PROMPT_MODIFIER=(isaac) /usr/bin/cmake --build /home/glack/Documents/project/Tjb/build/tof -- -j20 -l20
[0.576s] DEBUG:colcon.colcon_core.event_handler.log_command:Invoking command in '/home/glack/Documents/project/Tjb/build/tof': CMAKE_PREFIX_PATH=${CMAKE_PREFIX_PATH}:/home/glack/Documents/project/Tjb/install/rgbc:/home/glack/Documents/project/Tjb/install/pyqtui:/home/glack/Documents/project/Tjb/install/position:/opt/ros/humble CONDA_PROMPT_MODIFIER=(isaac) /usr/bin/cmake --install /home/glack/Documents/project/Tjb/build/tof
[0.589s] Level 1:colcon.colcon_core.environment:create_environment_scripts_only(tof)
[0.589s] DEBUG:colcon.colcon_core.event_handler.log_command:Invoked command in '/home/glack/Documents/project/Tjb/build/tof' returned '0': CMAKE_PREFIX_PATH=${CMAKE_PREFIX_PATH}:/home/glack/Documents/project/Tjb/install/rgbc:/home/glack/Documents/project/Tjb/install/pyqtui:/home/glack/Documents/project/Tjb/install/position:/opt/ros/humble CONDA_PROMPT_MODIFIER=(isaac) /usr/bin/cmake --install /home/glack/Documents/project/Tjb/build/tof
[0.591s] Level 1:colcon.colcon_core.environment:checking '/home/glack/Documents/project/Tjb/install/tof' for CMake module files
[0.591s] Level 1:colcon.colcon_core.environment:checking '/home/glack/Documents/project/Tjb/install/tof' for CMake config files
[0.591s] Level 1:colcon.colcon_core.shell:create_environment_hook('tof', 'cmake_prefix_path')
[0.591s] INFO:colcon.colcon_core.shell:Creating environment hook '/home/glack/Documents/project/Tjb/install/tof/share/tof/hook/cmake_prefix_path.ps1'
[0.591s] INFO:colcon.colcon_core.shell:Creating environment descriptor '/home/glack/Documents/project/Tjb/install/tof/share/tof/hook/cmake_prefix_path.dsv'
[0.591s] INFO:colcon.colcon_core.shell:Creating environment hook '/home/glack/Documents/project/Tjb/install/tof/share/tof/hook/cmake_prefix_path.sh'
[0.592s] Level 1:colcon.colcon_core.environment:checking '/home/glack/Documents/project/Tjb/install/tof/lib'
[0.592s] Level 1:colcon.colcon_core.environment:checking '/home/glack/Documents/project/Tjb/install/tof/bin'
[0.592s] Level 1:colcon.colcon_core.environment:checking '/home/glack/Documents/project/Tjb/install/tof/lib/pkgconfig/tof.pc'
[0.592s] Level 1:colcon.colcon_core.environment:checking '/home/glack/Documents/project/Tjb/install/tof/lib/python3.10/site-packages'
[0.592s] Level 1:colcon.colcon_core.environment:checking '/home/glack/Documents/project/Tjb/install/tof/bin'
[0.592s] INFO:colcon.colcon_core.shell:Creating package script '/home/glack/Documents/project/Tjb/install/tof/share/tof/package.ps1'
[0.592s] INFO:colcon.colcon_core.shell:Creating package descriptor '/home/glack/Documents/project/Tjb/install/tof/share/tof/package.dsv'
[0.593s] INFO:colcon.colcon_core.shell:Creating package script '/home/glack/Documents/project/Tjb/install/tof/share/tof/package.sh'
[0.593s] INFO:colcon.colcon_core.shell:Creating package script '/home/glack/Documents/project/Tjb/install/tof/share/tof/package.bash'
[0.593s] INFO:colcon.colcon_core.shell:Creating package script '/home/glack/Documents/project/Tjb/install/tof/share/tof/package.zsh'
[0.593s] Level 1:colcon.colcon_core.environment:create_file_with_runtime_dependencies(/home/glack/Documents/project/Tjb/install/tof/share/colcon-core/packages/tof)
[0.615s] Level 1:colcon.colcon_core.environment:create_environment_scripts_only(tof)
[0.615s] Level 1:colcon.colcon_core.environment:checking '/home/glack/Documents/project/Tjb/install/tof' for CMake module files
[0.616s] Level 1:colcon.colcon_core.environment:checking '/home/glack/Documents/project/Tjb/install/tof' for CMake config files
[0.616s] Level 1:colcon.colcon_core.shell:create_environment_hook('tof', 'cmake_prefix_path')
[0.616s] INFO:colcon.colcon_core.shell:Creating environment hook '/home/glack/Documents/project/Tjb/install/tof/share/tof/hook/cmake_prefix_path.ps1'
[0.617s] INFO:colcon.colcon_core.shell:Creating environment descriptor '/home/glack/Documents/project/Tjb/install/tof/share/tof/hook/cmake_prefix_path.dsv'
[0.617s] INFO:colcon.colcon_core.shell:Creating environment hook '/home/glack/Documents/project/Tjb/install/tof/share/tof/hook/cmake_prefix_path.sh'
[0.617s] Level 1:colcon.colcon_core.environment:checking '/home/glack/Documents/project/Tjb/install/tof/lib'
[0.617s] Level 1:colcon.colcon_core.environment:checking '/home/glack/Documents/project/Tjb/install/tof/bin'
[0.617s] Level 1:colcon.colcon_core.environment:checking '/home/glack/Documents/project/Tjb/install/tof/lib/pkgconfig/tof.pc'
[0.618s] Level 1:colcon.colcon_core.environment:checking '/home/glack/Documents/project/Tjb/install/tof/lib/python3.10/site-packages'
[0.618s] Level 1:colcon.colcon_core.environment:checking '/home/glack/Documents/project/Tjb/install/tof/bin'
[0.618s] INFO:colcon.colcon_core.shell:Creating package script '/home/glack/Documents/project/Tjb/install/tof/share/tof/package.ps1'
[0.618s] INFO:colcon.colcon_core.shell:Creating package descriptor '/home/glack/Documents/project/Tjb/install/tof/share/tof/package.dsv'
[0.618s] INFO:colcon.colcon_core.shell:Creating package script '/home/glack/Documents/project/Tjb/install/tof/share/tof/package.sh'
[0.618s] INFO:colcon.colcon_core.shell:Creating package script '/home/glack/Documents/project/Tjb/install/tof/share/tof/package.bash'
[0.619s] INFO:colcon.colcon_core.shell:Creating package script '/home/glack/Documents/project/Tjb/install/tof/share/tof/package.zsh'
[0.619s] Level 1:colcon.colcon_core.environment:create_file_with_runtime_dependencies(/home/glack/Documents/project/Tjb/install/tof/share/colcon-core/packages/tof)
[0.659s] DEBUG:colcon.colcon_core.event_handler.log_command:Invoking command in '/home/glack/Documents/project/Tjb/src/pyqtui': CONDA_PROMPT_MODIFIER=(isaac) PYTHONPATH=/home/glack/Documents/project/Tjb/build/pyqtui/prefix_override:/usr/lib/python3/dist-packages/colcon_core/task/python/colcon_distutils_commands:/home/glack/Documents/project/Tjb/install/pyqtui/lib/python3.10/site-packages:${PYTHONPATH} /usr/bin/python3 -W ignore:setup.py install is deprecated setup.py egg_info --egg-base ../../build/pyqtui build --build-base /home/glack/Documents/project/Tjb/build/pyqtui/build install --record /home/glack/Documents/project/Tjb/build/pyqtui/install.log --single-version-externally-managed install_data
[0.661s] DEBUG:colcon.colcon_core.event_handler.log_command:Invoking command in '/home/glack/Documents/project/Tjb/src/rgbc': CONDA_PROMPT_MODIFIER=(isaac) PYTHONPATH=/home/glack/Documents/project/Tjb/build/rgbc/prefix_override:/usr/lib/python3/dist-packages/colcon_core/task/python/colcon_distutils_commands:/home/glack/Documents/project/Tjb/install/rgbc/lib/python3.10/site-packages:${PYTHONPATH} /usr/bin/python3 -W ignore:setup.py install is deprecated setup.py egg_info --egg-base ../../build/rgbc build --build-base /home/glack/Documents/project/Tjb/build/rgbc/build install --record /home/glack/Documents/project/Tjb/build/rgbc/install.log --single-version-externally-managed install_data
[0.671s] DEBUG:colcon.colcon_core.event_handler.log_command:Invoking command in '/home/glack/Documents/project/Tjb/src/position': CONDA_PROMPT_MODIFIER=(isaac) PYTHONPATH=/home/glack/Documents/project/Tjb/build/position/prefix_override:/usr/lib/python3/dist-packages/colcon_core/task/python/colcon_distutils_commands:/home/glack/Documents/project/Tjb/install/position/lib/python3.10/site-packages:${PYTHONPATH} /usr/bin/python3 -W ignore:setup.py install is deprecated setup.py egg_info --egg-base ../../build/position build --build-base /home/glack/Documents/project/Tjb/build/position/build install --record /home/glack/Documents/project/Tjb/build/position/install.log --single-version-externally-managed install_data
[0.782s] Level 1:colcon.colcon_core.environment:checking '/home/glack/Documents/project/Tjb/install/pyqtui' for CMake module files
[0.782s] DEBUG:colcon.colcon_core.event_handler.log_command:Invoked command in '/home/glack/Documents/project/Tjb/src/pyqtui' returned '0': CONDA_PROMPT_MODIFIER=(isaac) PYTHONPATH=/home/glack/Documents/project/Tjb/build/pyqtui/prefix_override:/usr/lib/python3/dist-packages/colcon_core/task/python/colcon_distutils_commands:/home/glack/Documents/project/Tjb/install/pyqtui/lib/python3.10/site-packages:${PYTHONPATH} /usr/bin/python3 -W ignore:setup.py install is deprecated setup.py egg_info --egg-base ../../build/pyqtui build --build-base /home/glack/Documents/project/Tjb/build/pyqtui/build install --record /home/glack/Documents/project/Tjb/build/pyqtui/install.log --single-version-externally-managed install_data
[0.782s] Level 1:colcon.colcon_core.environment:checking '/home/glack/Documents/project/Tjb/install/pyqtui' for CMake config files
[0.782s] Level 1:colcon.colcon_core.environment:checking '/home/glack/Documents/project/Tjb/install/pyqtui/lib'
[0.782s] Level 1:colcon.colcon_core.environment:checking '/home/glack/Documents/project/Tjb/install/pyqtui/bin'
[0.782s] Level 1:colcon.colcon_core.environment:checking '/home/glack/Documents/project/Tjb/install/pyqtui/lib/pkgconfig/pyqtui.pc'
[0.783s] Level 1:colcon.colcon_core.environment:checking '/home/glack/Documents/project/Tjb/install/pyqtui/lib/python3.10/site-packages'
[0.783s] Level 1:colcon.colcon_core.shell:create_environment_hook('pyqtui', 'pythonpath')
[0.783s] INFO:colcon.colcon_core.shell:Creating environment hook '/home/glack/Documents/project/Tjb/install/pyqtui/share/pyqtui/hook/pythonpath.ps1'
[0.783s] INFO:colcon.colcon_core.shell:Creating environment descriptor '/home/glack/Documents/project/Tjb/install/pyqtui/share/pyqtui/hook/pythonpath.dsv'
[0.783s] INFO:colcon.colcon_core.shell:Creating environment hook '/home/glack/Documents/project/Tjb/install/pyqtui/share/pyqtui/hook/pythonpath.sh'
[0.783s] Level 1:colcon.colcon_core.environment:checking '/home/glack/Documents/project/Tjb/install/pyqtui/bin'
[0.783s] Level 1:colcon.colcon_core.environment:create_environment_scripts_only(pyqtui)
[0.783s] INFO:colcon.colcon_core.shell:Creating package script '/home/glack/Documents/project/Tjb/install/pyqtui/share/pyqtui/package.ps1'
[0.784s] INFO:colcon.colcon_core.shell:Creating package descriptor '/home/glack/Documents/project/Tjb/install/pyqtui/share/pyqtui/package.dsv'
[0.784s] INFO:colcon.colcon_core.shell:Creating package script '/home/glack/Documents/project/Tjb/install/pyqtui/share/pyqtui/package.sh'
[0.784s] INFO:colcon.colcon_core.shell:Creating package script '/home/glack/Documents/project/Tjb/install/pyqtui/share/pyqtui/package.bash'
[0.784s] INFO:colcon.colcon_core.shell:Creating package script '/home/glack/Documents/project/Tjb/install/pyqtui/share/pyqtui/package.zsh'
[0.784s] Level 1:colcon.colcon_core.environment:create_file_with_runtime_dependencies(/home/glack/Documents/project/Tjb/install/pyqtui/share/colcon-core/packages/pyqtui)
[0.785s] Level 1:colcon.colcon_core.environment:checking '/home/glack/Documents/project/Tjb/install/rgbc' for CMake module files
[0.785s] Level 1:colcon.colcon_core.environment:checking '/home/glack/Documents/project/Tjb/install/rgbc' for CMake config files
[0.786s] DEBUG:colcon.colcon_core.event_handler.log_command:Invoked command in '/home/glack/Documents/project/Tjb/src/rgbc' returned '0': CONDA_PROMPT_MODIFIER=(isaac) PYTHONPATH=/home/glack/Documents/project/Tjb/build/rgbc/prefix_override:/usr/lib/python3/dist-packages/colcon_core/task/python/colcon_distutils_commands:/home/glack/Documents/project/Tjb/install/rgbc/lib/python3.10/site-packages:${PYTHONPATH} /usr/bin/python3 -W ignore:setup.py install is deprecated setup.py egg_info --egg-base ../../build/rgbc build --build-base /home/glack/Documents/project/Tjb/build/rgbc/build install --record /home/glack/Documents/project/Tjb/build/rgbc/install.log --single-version-externally-managed install_data
[0.786s] Level 1:colcon.colcon_core.environment:checking '/home/glack/Documents/project/Tjb/install/rgbc/lib'
[0.786s] Level 1:colcon.colcon_core.environment:checking '/home/glack/Documents/project/Tjb/install/rgbc/bin'
[0.786s] Level 1:colcon.colcon_core.environment:checking '/home/glack/Documents/project/Tjb/install/rgbc/lib/pkgconfig/rgbc.pc'
[0.786s] Level 1:colcon.colcon_core.environment:checking '/home/glack/Documents/project/Tjb/install/rgbc/lib/python3.10/site-packages'
[0.786s] Level 1:colcon.colcon_core.shell:create_environment_hook('rgbc', 'pythonpath')
[0.787s] INFO:colcon.colcon_core.shell:Creating environment hook '/home/glack/Documents/project/Tjb/install/rgbc/share/rgbc/hook/pythonpath.ps1'
[0.787s] INFO:colcon.colcon_core.shell:Creating environment descriptor '/home/glack/Documents/project/Tjb/install/rgbc/share/rgbc/hook/pythonpath.dsv'
[0.787s] INFO:colcon.colcon_core.shell:Creating environment hook '/home/glack/Documents/project/Tjb/install/rgbc/share/rgbc/hook/pythonpath.sh'
[0.787s] Level 1:colcon.colcon_core.environment:checking '/home/glack/Documents/project/Tjb/install/rgbc/bin'
[0.787s] Level 1:colcon.colcon_core.environment:create_environment_scripts_only(rgbc)
[0.788s] INFO:colcon.colcon_core.shell:Creating package script '/home/glack/Documents/project/Tjb/install/rgbc/share/rgbc/package.ps1'
[0.788s] INFO:colcon.colcon_core.shell:Creating package descriptor '/home/glack/Documents/project/Tjb/install/rgbc/share/rgbc/package.dsv'
[0.788s] INFO:colcon.colcon_core.shell:Creating package script '/home/glack/Documents/project/Tjb/install/rgbc/share/rgbc/package.sh'
[0.789s] INFO:colcon.colcon_core.shell:Creating package script '/home/glack/Documents/project/Tjb/install/rgbc/share/rgbc/package.bash'
[0.789s] INFO:colcon.colcon_core.shell:Creating package script '/home/glack/Documents/project/Tjb/install/rgbc/share/rgbc/package.zsh'
[0.789s] Level 1:colcon.colcon_core.environment:create_file_with_runtime_dependencies(/home/glack/Documents/project/Tjb/install/rgbc/share/colcon-core/packages/rgbc)
[0.799s] Level 1:colcon.colcon_core.environment:checking '/home/glack/Documents/project/Tjb/install/position' for CMake module files
[0.800s] DEBUG:colcon.colcon_core.event_handler.log_command:Invoked command in '/home/glack/Documents/project/Tjb/src/position' returned '0': CONDA_PROMPT_MODIFIER=(isaac) PYTHONPATH=/home/glack/Documents/project/Tjb/build/position/prefix_override:/usr/lib/python3/dist-packages/colcon_core/task/python/colcon_distutils_commands:/home/glack/Documents/project/Tjb/install/position/lib/python3.10/site-packages:${PYTHONPATH} /usr/bin/python3 -W ignore:setup.py install is deprecated setup.py egg_info --egg-base ../../build/position build --build-base /home/glack/Documents/project/Tjb/build/position/build install --record /home/glack/Documents/project/Tjb/build/position/install.log --single-version-externally-managed install_data
[0.800s] Level 1:colcon.colcon_core.environment:checking '/home/glack/Documents/project/Tjb/install/position' for CMake config files
[0.800s] Level 1:colcon.colcon_core.environment:checking '/home/glack/Documents/project/Tjb/install/position/lib'
[0.800s] Level 1:colcon.colcon_core.environment:checking '/home/glack/Documents/project/Tjb/install/position/bin'
[0.800s] Level 1:colcon.colcon_core.environment:checking '/home/glack/Documents/project/Tjb/install/position/lib/pkgconfig/position.pc'
[0.801s] Level 1:colcon.colcon_core.environment:checking '/home/glack/Documents/project/Tjb/install/position/lib/python3.10/site-packages'
[0.801s] Level 1:colcon.colcon_core.shell:create_environment_hook('position', 'pythonpath')
[0.801s] INFO:colcon.colcon_core.shell:Creating environment hook '/home/glack/Documents/project/Tjb/install/position/share/position/hook/pythonpath.ps1'
[0.801s] INFO:colcon.colcon_core.shell:Creating environment descriptor '/home/glack/Documents/project/Tjb/install/position/share/position/hook/pythonpath.dsv'
[0.801s] INFO:colcon.colcon_core.shell:Creating environment hook '/home/glack/Documents/project/Tjb/install/position/share/position/hook/pythonpath.sh'
[0.802s] Level 1:colcon.colcon_core.environment:checking '/home/glack/Documents/project/Tjb/install/position/bin'
[0.802s] Level 1:colcon.colcon_core.environment:create_environment_scripts_only(position)
[0.802s] INFO:colcon.colcon_core.shell:Creating package script '/home/glack/Documents/project/Tjb/install/position/share/position/package.ps1'
[0.803s] INFO:colcon.colcon_core.shell:Creating package descriptor '/home/glack/Documents/project/Tjb/install/position/share/position/package.dsv'
[0.803s] INFO:colcon.colcon_core.shell:Creating package script '/home/glack/Documents/project/Tjb/install/position/share/position/package.sh'
[0.803s] INFO:colcon.colcon_core.shell:Creating package script '/home/glack/Documents/project/Tjb/install/position/share/position/package.bash'
[0.803s] INFO:colcon.colcon_core.shell:Creating package script '/home/glack/Documents/project/Tjb/install/position/share/position/package.zsh'
[0.804s] Level 1:colcon.colcon_core.environment:create_file_with_runtime_dependencies(/home/glack/Documents/project/Tjb/install/position/share/colcon-core/packages/position)
[0.804s] DEBUG:colcon.colcon_parallel_executor.executor.parallel:closing loop
[0.804s] DEBUG:colcon.colcon_parallel_executor.executor.parallel:loop closed
[0.804s] DEBUG:colcon.colcon_parallel_executor.executor.parallel:run_until_complete finished with '0'
[0.804s] DEBUG:colcon.colcon_core.event_reactor:joining thread
[0.807s] INFO:colcon.colcon_core.plugin_system:Skipping extension 'colcon_notification.desktop_notification.terminal_notifier': Not used on non-Darwin systems
[0.807s] INFO:colcon.colcon_core.plugin_system:Skipping extension 'colcon_notification.desktop_notification.win32': Not used on non-Windows systems
[0.807s] INFO:colcon.colcon_notification.desktop_notification:Sending desktop notification using 'notify2'
[0.815s] DEBUG:colcon.colcon_core.event_reactor:joined thread
[0.816s] INFO:colcon.colcon_core.shell:Creating prefix script '/home/glack/Documents/project/Tjb/install/local_setup.ps1'
[0.816s] INFO:colcon.colcon_core.shell:Creating prefix util module '/home/glack/Documents/project/Tjb/install/_local_setup_util_ps1.py'
[0.817s] INFO:colcon.colcon_core.shell:Creating prefix chain script '/home/glack/Documents/project/Tjb/install/setup.ps1'
[0.818s] INFO:colcon.colcon_core.shell:Creating prefix script '/home/glack/Documents/project/Tjb/install/local_setup.sh'
[0.819s] INFO:colcon.colcon_core.shell:Creating prefix util module '/home/glack/Documents/project/Tjb/install/_local_setup_util_sh.py'
[0.819s] INFO:colcon.colcon_core.shell:Creating prefix chain script '/home/glack/Documents/project/Tjb/install/setup.sh'
[0.820s] INFO:colcon.colcon_core.shell:Creating prefix script '/home/glack/Documents/project/Tjb/install/local_setup.bash'
[0.820s] INFO:colcon.colcon_core.shell:Creating prefix chain script '/home/glack/Documents/project/Tjb/install/setup.bash'
[0.821s] INFO:colcon.colcon_core.shell:Creating prefix script '/home/glack/Documents/project/Tjb/install/local_setup.zsh'
[0.821s] INFO:colcon.colcon_core.shell:Creating prefix chain script '/home/glack/Documents/project/Tjb/install/setup.zsh'
