running egg_info
writing ../../build/rgbc/rgbc.egg-info/PKG-INFO
writing dependency_links to ../../build/rgbc/rgbc.egg-info/dependency_links.txt
writing entry points to ../../build/rgbc/rgbc.egg-info/entry_points.txt
writing requirements to ../../build/rgbc/rgbc.egg-info/requires.txt
writing top-level names to ../../build/rgbc/rgbc.egg-info/top_level.txt
reading manifest file '../../build/rgbc/rgbc.egg-info/SOURCES.txt'
writing manifest file '../../build/rgbc/rgbc.egg-info/SOURCES.txt'
running build
running build_py
copying rgbc/rgbc_node.py -> /home/glack/Documents/project/Tjb/build/rgbc/build/lib/rgbc
running install
running install_lib
copying /home/glack/Documents/project/Tjb/build/rgbc/build/lib/rgbc/rgbc_node.py -> /home/glack/Documents/project/Tjb/install/rgbc/lib/python3.10/site-packages/rgbc
byte-compiling /home/glack/Documents/project/Tjb/install/rgbc/lib/python3.10/site-packages/rgbc/rgbc_node.py to rgbc_node.cpython-310.pyc
Sorry: IndentationError: expected an indented block after 'else' statement on line 34 (rgbc_node.py, line 37)
running install_data
running install_egg_info
removing '/home/glack/Documents/project/Tjb/install/rgbc/lib/python3.10/site-packages/rgbc-0.0.0-py3.10.egg-info' (and everything under it)
Copying ../../build/rgbc/rgbc.egg-info to /home/glack/Documents/project/Tjb/install/rgbc/lib/python3.10/site-packages/rgbc-0.0.0-py3.10.egg-info
running install_scripts
Installing rgbc_node script to /home/glack/Documents/project/Tjb/install/rgbc/lib/rgbc
writing list of installed files to '/home/glack/Documents/project/Tjb/build/rgbc/install.log'
