[0.513s] Invoking command in '/home/glack/Documents/project/Tjb/build/rgbc': CONDA_PROMPT_MODIFIER=(isaac) PYTHONPATH=/home/glack/Documents/project/Tjb/build/rgbc/prefix_override:/usr/lib/python3/dist-packages/colcon_core/task/python/colcon_distutils_commands:/home/glack/Documents/project/Tjb/install/rgbc/lib/python3.10/site-packages:${PYTHONPATH} /usr/bin/python3 -W ignore:setup.py install is deprecated setup.py develop --editable --build-directory /home/glack/Documents/project/Tjb/build/rgbc/build --no-deps symlink_data
[0.627s] running develop
[0.627s] /usr/lib/python3/dist-packages/setuptools/command/easy_install.py:158: EasyInstallDeprecationWarning: easy_install command is deprecated. Use build and pip and other standards-based tools.
[0.627s]   warnings.warn(
[0.694s] running egg_info
[0.694s] creating rgbc.egg-info
[0.694s] writing rgbc.egg-info/PKG-INFO
[0.694s] writing dependency_links to rgbc.egg-info/dependency_links.txt
[0.694s] writing entry points to rgbc.egg-info/entry_points.txt
[0.694s] writing requirements to rgbc.egg-info/requires.txt
[0.694s] writing top-level names to rgbc.egg-info/top_level.txt
[0.694s] writing manifest file 'rgbc.egg-info/SOURCES.txt'
[0.695s] reading manifest file 'rgbc.egg-info/SOURCES.txt'
[0.695s] writing manifest file 'rgbc.egg-info/SOURCES.txt'
[0.696s] running build_ext
[0.696s] Creating /home/glack/Documents/project/Tjb/install/rgbc/lib/python3.10/site-packages/rgbc.egg-link (link to .)
[0.697s] Installing rgbc_node script to /home/glack/Documents/project/Tjb/install/rgbc/lib/rgbc
[0.697s] 
[0.697s] Installed /home/glack/Documents/project/Tjb/build/rgbc
[0.697s] running symlink_data
[0.697s] creating /home/glack/Documents/project/Tjb/install/rgbc/share/ament_index
[0.697s] creating /home/glack/Documents/project/Tjb/install/rgbc/share/ament_index/resource_index
[0.697s] creating /home/glack/Documents/project/Tjb/install/rgbc/share/ament_index/resource_index/packages
[0.697s] symbolically linking /home/glack/Documents/project/Tjb/build/rgbc/resource/rgbc -> /home/glack/Documents/project/Tjb/install/rgbc/share/ament_index/resource_index/packages
[0.697s] symbolically linking /home/glack/Documents/project/Tjb/build/rgbc/package.xml -> /home/glack/Documents/project/Tjb/install/rgbc/share/rgbc
[0.697s] creating /home/glack/Documents/project/Tjb/install/rgbc/share/rgbc/launch
[0.697s] symbolically linking /home/glack/Documents/project/Tjb/build/rgbc/launch/rgbc_node_launch.py -> /home/glack/Documents/project/Tjb/install/rgbc/share/rgbc/launch
[0.713s] Invoked command in '/home/glack/Documents/project/Tjb/build/rgbc' returned '0': CONDA_PROMPT_MODIFIER=(isaac) PYTHONPATH=/home/glack/Documents/project/Tjb/build/rgbc/prefix_override:/usr/lib/python3/dist-packages/colcon_core/task/python/colcon_distutils_commands:/home/glack/Documents/project/Tjb/install/rgbc/lib/python3.10/site-packages:${PYTHONPATH} /usr/bin/python3 -W ignore:setup.py install is deprecated setup.py develop --editable --build-directory /home/glack/Documents/project/Tjb/build/rgbc/build --no-deps symlink_data
